Using pre-set license
Built from '2020.2/release' branch; Version is '2020.2.0f1 (3721df5a8b28) revision 3613151'; Using compiler version '192528614'; Build Type 'Release'
OS: 'Windows 10  (10.0.0) 64bit' Language: 'en' Physical Memory: 32568 MB
BatchMode: 1, IsHumanControllingUs: 0, StartBugReporterOnCrash: 0, Is64bit: 1, IsPro: 0

 COMMAND LINE ARGUMENTS:
C:\Program Files\Unity\Hub\Editor\2020.2.0f1\Editor\Unity.exe
-adb2
-batchMode
-noUpm
-name
AssetImportWorker0
-projectPath
D:/Repos/Gamedevhq/1 - 2d
-logFile
Logs/AssetImportWorker0.log
-srvPort
60067
Successfully changed project path to: D:/Repos/Gamedevhq/1 - 2d
D:/Repos/Gamedevhq/1 - 2d
Using Asset Import Pipeline V2.
Refreshing native plugins compatible for Editor in 19.22 ms, found 0 plugins.
Preloading 0 native plugins for Editor in 0.00 ms.
Initialize engine version: 2020.2.0f1 (3721df5a8b28)
[Subsystems] Discovering subsystems at path C:/Program Files/Unity/Hub/Editor/2020.2.0f1/Editor/Data/Resources/UnitySubsystems
[Subsystems] Discovering subsystems at path D:/Repos/Gamedevhq/1 - 2d/Assets
GfxDevice: creating device client; threaded=0
Direct3D:
    Version:  Direct3D 11.0 [level 11.1]
    Renderer: NVIDIA GeForce RTX 3080 (ID=0x2206)
    Vendor:   
    VRAM:     10078 MB
    Driver:   27.21.14.5638
Initialize mono
Mono path[0] = 'C:/Program Files/Unity/Hub/Editor/2020.2.0f1/Editor/Data/Managed'
Mono path[1] = 'C:/Program Files/Unity/Hub/Editor/2020.2.0f1/Editor/Data/MonoBleedingEdge/lib/mono/unityjit'
Mono config path = 'C:/Program Files/Unity/Hub/Editor/2020.2.0f1/Editor/Data/MonoBleedingEdge/etc'
Using monoOptions --debugger-agent=transport=dt_socket,embedding=1,server=y,suspend=n,address=127.0.0.1:56244
Begin MonoManager ReloadAssembly
Registering precompiled unity dll's ...
Register platform support module: C:/Program Files/Unity/Hub/Editor/2020.2.0f1/Editor/Data/PlaybackEngines/WindowsStandaloneSupport/UnityEditor.WindowsStandalone.Extensions.dll
Registered in 0.002362 seconds.
Native extension for WindowsStandalone target not found
Refreshing native plugins compatible for Editor in 18.78 ms, found 0 plugins.
Preloading 0 native plugins for Editor in 0.00 ms.
Invoked RoslynAnalysisRunner static constructor.
RoslynAnalysisRunner will not be running.
RoslynAnalysisRunner has terminated.
Mono: successfully reloaded assembly
- Completed reload, in  0.992 seconds
Platform modules already initialized, skipping
Registering precompiled user dll's ...
Registered in 0.001162 seconds.
Begin MonoManager ReloadAssembly
Native extension for WindowsStandalone target not found
Refreshing native plugins compatible for Editor in 0.20 ms, found 0 plugins.
Preloading 0 native plugins for Editor in 0.00 ms.
Invoked RoslynAnalysisRunner static constructor.
RoslynAnalysisRunner will not be running.
RoslynAnalysisRunner has terminated.
Mono: successfully reloaded assembly
- Completed reload, in  0.659 seconds
Platform modules already initialized, skipping
========================================================================
Worker process is ready to serve import requests
Launched and connected shader compiler UnityShaderCompiler.exe after 0.03 seconds
Refreshing native plugins compatible for Editor in 0.20 ms, found 0 plugins.
Preloading 0 native plugins for Editor in 0.00 ms.
Unloading 1100 Unused Serialized files (Serialized files now loaded: 0)
System memory in use before: 56.8 MB.
System memory in use after: 56.8 MB.

Unloading 12 unused Assets to reduce memory usage. Loaded Objects now: 1541.
Total: 1.406800 ms (FindLiveObjects: 0.193600 ms CreateObjectMapping: 0.063600 ms MarkObjects: 1.102700 ms  DeleteObjects: 0.045700 ms)

========================================================================
Received Import Request.
  path: Assets/GameDevHQ
  artifactKey: Guid(045a538d09c31434b9a1f938efd3f378) Importer(815301076,1909f56bfc062723c751e8b465ee728b)
Start importing Assets/GameDevHQ using Guid(045a538d09c31434b9a1f938efd3f378) Importer(815301076,1909f56bfc062723c751e8b465ee728b)  -> (artifact id: 'c94b1441fc1908c36d5c8bf83578fd4c') in 0.003048 seconds
  Import took 0.004667 seconds .

========================================================================
Received Prepare
Registering precompiled user dll's ...
Registered in 0.000620 seconds.
Begin MonoManager ReloadAssembly
Native extension for WindowsStandalone target not found
Refreshing native plugins compatible for Editor in 0.21 ms, found 0 plugins.
Preloading 0 native plugins for Editor in 0.00 ms.
Invoked RoslynAnalysisRunner static constructor.
RoslynAnalysisRunner will not be running.
RoslynAnalysisRunner has terminated.
Mono: successfully reloaded assembly
- Completed reload, in  0.664 seconds
Platform modules already initialized, skipping
Refreshing native plugins compatible for Editor in 0.18 ms, found 0 plugins.
Preloading 0 native plugins for Editor in 0.00 ms.
Unloading 1093 Unused Serialized files (Serialized files now loaded: 0)
System memory in use before: 56.8 MB.
System memory in use after: 56.9 MB.

Unloading 7 unused Assets to reduce memory usage. Loaded Objects now: 1541.
Total: 1.373400 ms (FindLiveObjects: 0.128600 ms CreateObjectMapping: 0.038400 ms MarkObjects: 1.165700 ms  DeleteObjects: 0.039700 ms)

========================================================================
Received Prepare
Registering precompiled user dll's ...
Registered in 0.001159 seconds.
Begin MonoManager ReloadAssembly
Native extension for WindowsStandalone target not found
Refreshing native plugins compatible for Editor in 0.19 ms, found 0 plugins.
Preloading 0 native plugins for Editor in 0.00 ms.
Invoked RoslynAnalysisRunner static constructor.
RoslynAnalysisRunner will not be running.
RoslynAnalysisRunner has terminated.
Mono: successfully reloaded assembly
- Completed reload, in  0.640 seconds
Platform modules already initialized, skipping
Refreshing native plugins compatible for Editor in 0.20 ms, found 0 plugins.
Preloading 0 native plugins for Editor in 0.00 ms.
Unloading 1095 Unused Serialized files (Serialized files now loaded: 0)
System memory in use before: 57.2 MB.
System memory in use after: 57.2 MB.

Unloading 7 unused Assets to reduce memory usage. Loaded Objects now: 1545.
Total: 1.270300 ms (FindLiveObjects: 0.130300 ms CreateObjectMapping: 0.034300 ms MarkObjects: 1.064600 ms  DeleteObjects: 0.039700 ms)

========================================================================
Received Prepare
Registering precompiled user dll's ...
Registered in 0.001149 seconds.
Begin MonoManager ReloadAssembly
Native extension for WindowsStandalone target not found
Refreshing native plugins compatible for Editor in 0.23 ms, found 0 plugins.
Preloading 0 native plugins for Editor in 0.00 ms.
Invoked RoslynAnalysisRunner static constructor.
RoslynAnalysisRunner will not be running.
RoslynAnalysisRunner has terminated.
Mono: successfully reloaded assembly
- Completed reload, in  0.623 seconds
Platform modules already initialized, skipping
Refreshing native plugins compatible for Editor in 0.19 ms, found 0 plugins.
Preloading 0 native plugins for Editor in 0.00 ms.
Unloading 1095 Unused Serialized files (Serialized files now loaded: 0)
System memory in use before: 57.4 MB.
System memory in use after: 57.5 MB.

Unloading 9 unused Assets to reduce memory usage. Loaded Objects now: 1547.
Total: 1.340100 ms (FindLiveObjects: 0.148100 ms CreateObjectMapping: 0.041900 ms MarkObjects: 1.111100 ms  DeleteObjects: 0.038000 ms)

========================================================================
Received Import Request.
  Time since last request: 238.480572 seconds.
  path: Assets/Prefabs/Player.prefab
  artifactKey: Guid(7db3a7817a6cbad44ad6d4a33cbc12f0) Importer(815301076,1909f56bfc062723c751e8b465ee728b)
Start importing Assets/Prefabs/Player.prefab using Guid(7db3a7817a6cbad44ad6d4a33cbc12f0) Importer(815301076,1909f56bfc062723c751e8b465ee728b)  -> (artifact id: '3f608f386fee76329518da2e25c67b3e') in 0.100769 seconds
  Import took 0.102646 seconds .

========================================================================
Received Import Request.
  Time since last request: 32.356106 seconds.
  path: Assets/Prefabs/Laser.prefab
  artifactKey: Guid(706ba73b3171f8c43a335a466d79840e) Importer(815301076,1909f56bfc062723c751e8b465ee728b)
Start importing Assets/Prefabs/Laser.prefab using Guid(706ba73b3171f8c43a335a466d79840e) Importer(815301076,1909f56bfc062723c751e8b465ee728b)  -> (artifact id: '8605aec4b9c7c443dd7d716353563c3e') in 0.002959 seconds
  Import took 0.004526 seconds .

========================================================================
Received Import Request.
  Time since last request: 2.451410 seconds.
  path: Assets/Prefabs/Laser.prefab
  artifactKey: Guid(706ba73b3171f8c43a335a466d79840e) Importer(815301076,1909f56bfc062723c751e8b465ee728b)
Start importing Assets/Prefabs/Laser.prefab using Guid(706ba73b3171f8c43a335a466d79840e) Importer(815301076,1909f56bfc062723c751e8b465ee728b)  -> (artifact id: 'f2eb861a72ca1f5f37db83cff51b28b2') in 0.002432 seconds
  Import took 0.003835 seconds .

========================================================================
Received Import Request.
  Time since last request: 2.461042 seconds.
  path: Assets/Prefabs/Laser.prefab
  artifactKey: Guid(706ba73b3171f8c43a335a466d79840e) Importer(815301076,1909f56bfc062723c751e8b465ee728b)
Start importing Assets/Prefabs/Laser.prefab using Guid(706ba73b3171f8c43a335a466d79840e) Importer(815301076,1909f56bfc062723c751e8b465ee728b)  -> (artifact id: '6ea3fbc4f49c2df6b324024bdb246ec5') in 0.002592 seconds
  Import took 0.004142 seconds .

========================================================================
Received Import Request.
  Time since last request: 0.006828 seconds.
  path: Assets/Prefabs/Laser.prefab
  artifactKey: Guid(706ba73b3171f8c43a335a466d79840e) Importer(815301076,1909f56bfc062723c751e8b465ee728b)
Start importing Assets/Prefabs/Laser.prefab using Guid(706ba73b3171f8c43a335a466d79840e) Importer(815301076,1909f56bfc062723c751e8b465ee728b)  -> (artifact id: '6ea3fbc4f49c2df6b324024bdb246ec5') in 0.002635 seconds
  Import took 0.004605 seconds .

========================================================================
Received Import Request.
  Time since last request: 2.972439 seconds.
  path: Assets/Prefabs/Laser.prefab
  artifactKey: Guid(706ba73b3171f8c43a335a466d79840e) Importer(815301076,1909f56bfc062723c751e8b465ee728b)
Start importing Assets/Prefabs/Laser.prefab using Guid(706ba73b3171f8c43a335a466d79840e) Importer(815301076,1909f56bfc062723c751e8b465ee728b)  -> (artifact id: 'a24ea9ad525fae60548a2708372eb8ab') in 0.003232 seconds
  Import took 0.005291 seconds .

========================================================================
Received Import Request.
  Time since last request: 7.470957 seconds.
  path: Assets/Prefabs/Laser.prefab
  artifactKey: Guid(706ba73b3171f8c43a335a466d79840e) Importer(815301076,1909f56bfc062723c751e8b465ee728b)
Start importing Assets/Prefabs/Laser.prefab using Guid(706ba73b3171f8c43a335a466d79840e) Importer(815301076,1909f56bfc062723c751e8b465ee728b)  -> (artifact id: '127cd1b6a969dcd25a28d8052dbfd91a') in 0.002463 seconds
  Import took 0.004046 seconds .

========================================================================
Received Import Request.
  Time since last request: 4.198753 seconds.
  path: Assets/Prefabs/Laser.prefab
  artifactKey: Guid(706ba73b3171f8c43a335a466d79840e) Importer(815301076,1909f56bfc062723c751e8b465ee728b)
Start importing Assets/Prefabs/Laser.prefab using Guid(706ba73b3171f8c43a335a466d79840e) Importer(815301076,1909f56bfc062723c751e8b465ee728b)  -> (artifact id: 'c9f30e229897d3867b036916778b19d2') in 0.006950 seconds
  Import took 0.008608 seconds .

========================================================================
Received Import Request.
  Time since last request: 0.000750 seconds.
  path: Assets/Prefabs/Laser.prefab
  artifactKey: Guid(706ba73b3171f8c43a335a466d79840e) Importer(815301076,1909f56bfc062723c751e8b465ee728b)
Start importing Assets/Prefabs/Laser.prefab using Guid(706ba73b3171f8c43a335a466d79840e) Importer(815301076,1909f56bfc062723c751e8b465ee728b)  -> (artifact id: 'c9f30e229897d3867b036916778b19d2') in 0.020530 seconds
  Import took 0.022183 seconds .

========================================================================
Received Prepare
Registering precompiled user dll's ...
Registered in 0.001029 seconds.
Begin MonoManager ReloadAssembly
Native extension for WindowsStandalone target not found
Refreshing native plugins compatible for Editor in 0.22 ms, found 0 plugins.
Preloading 0 native plugins for Editor in 0.00 ms.
Invoked RoslynAnalysisRunner static constructor.
RoslynAnalysisRunner will not be running.
RoslynAnalysisRunner has terminated.
Mono: successfully reloaded assembly
- Completed reload, in  0.601 seconds
Platform modules already initialized, skipping
Refreshing native plugins compatible for Editor in 0.24 ms, found 0 plugins.
Preloading 0 native plugins for Editor in 0.00 ms.
Unloading 1096 Unused Serialized files (Serialized files now loaded: 0)
System memory in use before: 61.1 MB.
System memory in use after: 60.9 MB.

Unloading 8 unused Assets to reduce memory usage. Loaded Objects now: 1557.
Total: 1.410000 ms (FindLiveObjects: 0.117700 ms CreateObjectMapping: 0.027900 ms MarkObjects: 1.119200 ms  DeleteObjects: 0.144300 ms)

========================================================================
Received Import Request.
  Time since last request: 260.844893 seconds.
  path: Assets/Prefabs/Laser.prefab
  artifactKey: Guid(706ba73b3171f8c43a335a466d79840e) Importer(815301076,1909f56bfc062723c751e8b465ee728b)
Start importing Assets/Prefabs/Laser.prefab using Guid(706ba73b3171f8c43a335a466d79840e) Importer(815301076,1909f56bfc062723c751e8b465ee728b)  -> (artifact id: '6a62ef81cd341f640634d5e251efb17d') in 0.044221 seconds
  Import took 0.045897 seconds .

========================================================================
Received Prepare
Registering precompiled user dll's ...
Registered in 0.001118 seconds.
Begin MonoManager ReloadAssembly
Native extension for WindowsStandalone target not found
Refreshing native plugins compatible for Editor in 0.22 ms, found 0 plugins.
Preloading 0 native plugins for Editor in 0.00 ms.
Invoked RoslynAnalysisRunner static constructor.
RoslynAnalysisRunner will not be running.
RoslynAnalysisRunner has terminated.
Mono: successfully reloaded assembly
- Completed reload, in  0.609 seconds
Platform modules already initialized, skipping
Refreshing native plugins compatible for Editor in 0.22 ms, found 0 plugins.
Preloading 0 native plugins for Editor in 0.00 ms.
Unloading 1096 Unused Serialized files (Serialized files now loaded: 0)
System memory in use before: 61.4 MB.
System memory in use after: 61.1 MB.

Unloading 8 unused Assets to reduce memory usage. Loaded Objects now: 1560.
Total: 1.427600 ms (FindLiveObjects: 0.109900 ms CreateObjectMapping: 0.029700 ms MarkObjects: 1.122700 ms  DeleteObjects: 0.164600 ms)

========================================================================
Received Prepare
Registering precompiled user dll's ...
Registered in 0.001087 seconds.
Begin MonoManager ReloadAssembly
Native extension for WindowsStandalone target not found
Refreshing native plugins compatible for Editor in 0.25 ms, found 0 plugins.
Preloading 0 native plugins for Editor in 0.00 ms.
Invoked RoslynAnalysisRunner static constructor.
RoslynAnalysisRunner will not be running.
RoslynAnalysisRunner has terminated.
Mono: successfully reloaded assembly
- Completed reload, in  0.603 seconds
Platform modules already initialized, skipping
Refreshing native plugins compatible for Editor in 0.21 ms, found 0 plugins.
Preloading 0 native plugins for Editor in 0.00 ms.
Unloading 1096 Unused Serialized files (Serialized files now loaded: 0)
System memory in use before: 61.6 MB.
System memory in use after: 61.4 MB.

Unloading 8 unused Assets to reduce memory usage. Loaded Objects now: 1562.
Total: 1.273200 ms (FindLiveObjects: 0.116300 ms CreateObjectMapping: 0.026200 ms MarkObjects: 0.969200 ms  DeleteObjects: 0.160500 ms)

========================================================================
Received Prepare
Registering precompiled user dll's ...
Registered in 0.001301 seconds.
Begin MonoManager ReloadAssembly
Native extension for WindowsStandalone target not found
Refreshing native plugins compatible for Editor in 0.24 ms, found 0 plugins.
Preloading 0 native plugins for Editor in 0.00 ms.
Invoked RoslynAnalysisRunner static constructor.
RoslynAnalysisRunner will not be running.
RoslynAnalysisRunner has terminated.
Mono: successfully reloaded assembly
- Completed reload, in  0.662 seconds
Platform modules already initialized, skipping
Refreshing native plugins compatible for Editor in 0.24 ms, found 0 plugins.
Preloading 0 native plugins for Editor in 0.00 ms.
Unloading 1096 Unused Serialized files (Serialized files now loaded: 0)
System memory in use before: 61.8 MB.
System memory in use after: 61.6 MB.

Unloading 8 unused Assets to reduce memory usage. Loaded Objects now: 1564.
Total: 1.571800 ms (FindLiveObjects: 0.111500 ms CreateObjectMapping: 0.029800 ms MarkObjects: 1.255700 ms  DeleteObjects: 0.174000 ms)

========================================================================
Received Import Request.
  Time since last request: 83696.226476 seconds.
  path: Assets/Prefabs/Triple_Shot.prefab
  artifactKey: Guid(128ceadd98766ab4b83cb27fbfd3501b) Importer(815301076,1909f56bfc062723c751e8b465ee728b)
Start importing Assets/Prefabs/Triple_Shot.prefab using Guid(128ceadd98766ab4b83cb27fbfd3501b) Importer(815301076,1909f56bfc062723c751e8b465ee728b)  -> (artifact id: '2efc722c441bef57e79012d64c58e32c') in 0.062917 seconds
  Import took 0.064937 seconds .

========================================================================
Received Prepare
Registering precompiled user dll's ...
Registered in 0.001145 seconds.
Begin MonoManager ReloadAssembly
Native extension for WindowsStandalone target not found
Refreshing native plugins compatible for Editor in 0.23 ms, found 0 plugins.
Preloading 0 native plugins for Editor in 0.00 ms.
Invoked RoslynAnalysisRunner static constructor.
RoslynAnalysisRunner will not be running.
RoslynAnalysisRunner has terminated.
Mono: successfully reloaded assembly
- Completed reload, in  0.609 seconds
Platform modules already initialized, skipping
Refreshing native plugins compatible for Editor in 0.22 ms, found 0 plugins.
Preloading 0 native plugins for Editor in 0.00 ms.
Unloading 1096 Unused Serialized files (Serialized files now loaded: 0)
System memory in use before: 62.1 MB.
System memory in use after: 61.8 MB.

Unloading 8 unused Assets to reduce memory usage. Loaded Objects now: 1567.
Total: 1.409400 ms (FindLiveObjects: 0.161600 ms CreateObjectMapping: 0.045900 ms MarkObjects: 1.026900 ms  DeleteObjects: 0.173900 ms)

========================================================================
Received Import Request.
  Time since last request: 713.227360 seconds.
  path: Assets/Prefabs/Player.prefab
  artifactKey: Guid(7db3a7817a6cbad44ad6d4a33cbc12f0) Importer(815301076,1909f56bfc062723c751e8b465ee728b)
Start importing Assets/Prefabs/Player.prefab using Guid(7db3a7817a6cbad44ad6d4a33cbc12f0) Importer(815301076,1909f56bfc062723c751e8b465ee728b)  -> (artifact id: '9326d8007c21bc47cf1dbca2d5fcdcba') in 0.067983 seconds
  Import took 0.069641 seconds .

========================================================================
Received Import Request.
  Time since last request: 0.020391 seconds.
  path: Assets/Prefabs/Player.prefab
  artifactKey: Guid(7db3a7817a6cbad44ad6d4a33cbc12f0) Importer(815301076,1909f56bfc062723c751e8b465ee728b)
Start importing Assets/Prefabs/Player.prefab using Guid(7db3a7817a6cbad44ad6d4a33cbc12f0) Importer(815301076,1909f56bfc062723c751e8b465ee728b)  -> (artifact id: '9326d8007c21bc47cf1dbca2d5fcdcba') in 0.007057 seconds
  Import took 0.008632 seconds .

========================================================================
Received Import Request.
  Time since last request: 16.849902 seconds.
  path: Assets/Prefabs/Player.prefab
  artifactKey: Guid(7db3a7817a6cbad44ad6d4a33cbc12f0) Importer(815301076,1909f56bfc062723c751e8b465ee728b)
Start importing Assets/Prefabs/Player.prefab using Guid(7db3a7817a6cbad44ad6d4a33cbc12f0) Importer(815301076,1909f56bfc062723c751e8b465ee728b)  -> (artifact id: '3ec6cdb7eb71d077fcdabb17989b20f5') in 0.007725 seconds
  Import took 0.009517 seconds .

========================================================================
Received Import Request.
  Time since last request: 0.004230 seconds.
  path: Assets/Prefabs/Player.prefab
  artifactKey: Guid(7db3a7817a6cbad44ad6d4a33cbc12f0) Importer(815301076,1909f56bfc062723c751e8b465ee728b)
Start importing Assets/Prefabs/Player.prefab using Guid(7db3a7817a6cbad44ad6d4a33cbc12f0) Importer(815301076,1909f56bfc062723c751e8b465ee728b)  -> (artifact id: '3ec6cdb7eb71d077fcdabb17989b20f5') in 0.013702 seconds
  Import took 0.015425 seconds .

========================================================================
Received Prepare
Registering precompiled user dll's ...
Registered in 0.001165 seconds.
Begin MonoManager ReloadAssembly
Native extension for WindowsStandalone target not found
Refreshing native plugins compatible for Editor in 0.23 ms, found 0 plugins.
Preloading 0 native plugins for Editor in 0.00 ms.
Invoked RoslynAnalysisRunner static constructor.
RoslynAnalysisRunner will not be running.
RoslynAnalysisRunner has terminated.
Mono: successfully reloaded assembly
- Completed reload, in  0.606 seconds
Platform modules already initialized, skipping
Refreshing native plugins compatible for Editor in 0.21 ms, found 0 plugins.
Preloading 0 native plugins for Editor in 0.00 ms.
Unloading 1096 Unused Serialized files (Serialized files now loaded: 0)
System memory in use before: 62.2 MB.
System memory in use after: 62.0 MB.

Unloading 8 unused Assets to reduce memory usage. Loaded Objects now: 1570.
Total: 1.469600 ms (FindLiveObjects: 0.132100 ms CreateObjectMapping: 0.034100 ms MarkObjects: 1.136900 ms  DeleteObjects: 0.165600 ms)

========================================================================
Received Prepare
Registering precompiled user dll's ...
Registered in 0.001146 seconds.
Begin MonoManager ReloadAssembly
Native extension for WindowsStandalone target not found
Refreshing native plugins compatible for Editor in 0.22 ms, found 0 plugins.
Preloading 0 native plugins for Editor in 0.00 ms.
Invoked RoslynAnalysisRunner static constructor.
RoslynAnalysisRunner will not be running.
RoslynAnalysisRunner has terminated.
Mono: successfully reloaded assembly
- Completed reload, in  0.623 seconds
Platform modules already initialized, skipping
Refreshing native plugins compatible for Editor in 0.21 ms, found 0 plugins.
Preloading 0 native plugins for Editor in 0.00 ms.
Unloading 1096 Unused Serialized files (Serialized files now loaded: 0)
System memory in use before: 61.5 MB.
System memory in use after: 61.3 MB.

Unloading 8 unused Assets to reduce memory usage. Loaded Objects now: 1572.
Total: 1.594200 ms (FindLiveObjects: 0.122200 ms CreateObjectMapping: 0.034900 ms MarkObjects: 1.255100 ms  DeleteObjects: 0.181100 ms)

========================================================================
Received Prepare
Registering precompiled user dll's ...
Registered in 0.001122 seconds.
Begin MonoManager ReloadAssembly
Native extension for WindowsStandalone target not found
Refreshing native plugins compatible for Editor in 0.29 ms, found 0 plugins.
Preloading 0 native plugins for Editor in 0.00 ms.
Invoked RoslynAnalysisRunner static constructor.
RoslynAnalysisRunner will not be running.
RoslynAnalysisRunner has terminated.
Mono: successfully reloaded assembly
- Completed reload, in  0.620 seconds
Platform modules already initialized, skipping
Refreshing native plugins compatible for Editor in 0.22 ms, found 0 plugins.
Preloading 0 native plugins for Editor in 0.00 ms.
Unloading 1096 Unused Serialized files (Serialized files now loaded: 0)
System memory in use before: 61.8 MB.
System memory in use after: 61.5 MB.

Unloading 8 unused Assets to reduce memory usage. Loaded Objects now: 1574.
Total: 2.029100 ms (FindLiveObjects: 0.255300 ms CreateObjectMapping: 0.115300 ms MarkObjects: 1.472400 ms  DeleteObjects: 0.185200 ms)

========================================================================
Received Prepare
Registering precompiled user dll's ...
Registered in 0.001056 seconds.
Begin MonoManager ReloadAssembly
Native extension for WindowsStandalone target not found
Refreshing native plugins compatible for Editor in 0.23 ms, found 0 plugins.
Preloading 0 native plugins for Editor in 0.00 ms.
Invoked RoslynAnalysisRunner static constructor.
RoslynAnalysisRunner will not be running.
RoslynAnalysisRunner has terminated.
Mono: successfully reloaded assembly
- Completed reload, in  0.597 seconds
Platform modules already initialized, skipping
Refreshing native plugins compatible for Editor in 0.22 ms, found 0 plugins.
Preloading 0 native plugins for Editor in 0.00 ms.
Unloading 1096 Unused Serialized files (Serialized files now loaded: 0)
System memory in use before: 62.0 MB.
System memory in use after: 61.7 MB.

Unloading 8 unused Assets to reduce memory usage. Loaded Objects now: 1576.
Total: 1.447400 ms (FindLiveObjects: 0.103300 ms CreateObjectMapping: 0.027700 ms MarkObjects: 1.150500 ms  DeleteObjects: 0.165300 ms)

========================================================================
Received Import Request.
  Time since last request: 261.479818 seconds.
  path: Assets/Scripts/Laser.cs
  artifactKey: Guid(06e3d58796878344a809cd9de11e1150) Importer(815301076,1909f56bfc062723c751e8b465ee728b)
Start importing Assets/Scripts/Laser.cs using Guid(06e3d58796878344a809cd9de11e1150) Importer(815301076,1909f56bfc062723c751e8b465ee728b)  -> (artifact id: 'fbbcef8b0d7e6b316f199b51e9705e68') in 0.009368 seconds
  Import took 0.018956 seconds .

========================================================================
Received Prepare
Registering precompiled user dll's ...
Registered in 0.001128 seconds.
Begin MonoManager ReloadAssembly
Native extension for WindowsStandalone target not found
Refreshing native plugins compatible for Editor in 0.23 ms, found 0 plugins.
Preloading 0 native plugins for Editor in 0.00 ms.
Invoked RoslynAnalysisRunner static constructor.
RoslynAnalysisRunner will not be running.
RoslynAnalysisRunner has terminated.
Mono: successfully reloaded assembly
- Completed reload, in  0.615 seconds
Platform modules already initialized, skipping
Refreshing native plugins compatible for Editor in 0.21 ms, found 0 plugins.
Preloading 0 native plugins for Editor in 0.00 ms.
Unloading 1096 Unused Serialized files (Serialized files now loaded: 0)
System memory in use before: 62.2 MB.
System memory in use after: 61.9 MB.

Unloading 8 unused Assets to reduce memory usage. Loaded Objects now: 1578.
Total: 1.408300 ms (FindLiveObjects: 0.100900 ms CreateObjectMapping: 0.027900 ms MarkObjects: 1.110100 ms  DeleteObjects: 0.168700 ms)

========================================================================
Received Prepare
Registering precompiled user dll's ...
Registered in 0.001326 seconds.
Begin MonoManager ReloadAssembly
Native extension for WindowsStandalone target not found
Refreshing native plugins compatible for Editor in 0.22 ms, found 0 plugins.
Preloading 0 native plugins for Editor in 0.00 ms.
Invoked RoslynAnalysisRunner static constructor.
RoslynAnalysisRunner will not be running.
RoslynAnalysisRunner has terminated.
Mono: successfully reloaded assembly
- Completed reload, in  0.595 seconds
Platform modules already initialized, skipping
Refreshing native plugins compatible for Editor in 0.20 ms, found 0 plugins.
Preloading 0 native plugins for Editor in 0.00 ms.
Unloading 1096 Unused Serialized files (Serialized files now loaded: 0)
System memory in use before: 62.2 MB.
System memory in use after: 62.0 MB.

Unloading 8 unused Assets to reduce memory usage. Loaded Objects now: 1580.
Total: 1.437200 ms (FindLiveObjects: 0.117000 ms CreateObjectMapping: 0.033300 ms MarkObjects: 1.110700 ms  DeleteObjects: 0.175500 ms)

========================================================================
Received Import Request.
  Time since last request: 80.684426 seconds.
  path: Assets/Prefabs/Triple_Shot.prefab
  artifactKey: Guid(128ceadd98766ab4b83cb27fbfd3501b) Importer(815301076,1909f56bfc062723c751e8b465ee728b)
Start importing Assets/Prefabs/Triple_Shot.prefab using Guid(128ceadd98766ab4b83cb27fbfd3501b) Importer(815301076,1909f56bfc062723c751e8b465ee728b)  -> (artifact id: 'b459ef77440ebd7537dc9b0332b5456b') in 0.040070 seconds
  Import took 0.041570 seconds .

========================================================================
Received Prepare
Registering precompiled user dll's ...
Registered in 0.001062 seconds.
Begin MonoManager ReloadAssembly
Native extension for WindowsStandalone target not found
Refreshing native plugins compatible for Editor in 0.23 ms, found 0 plugins.
Preloading 0 native plugins for Editor in 0.00 ms.
Invoked RoslynAnalysisRunner static constructor.
RoslynAnalysisRunner will not be running.
RoslynAnalysisRunner has terminated.
Mono: successfully reloaded assembly
- Completed reload, in  0.606 seconds
Platform modules already initialized, skipping
Refreshing native plugins compatible for Editor in 0.21 ms, found 0 plugins.
Preloading 0 native plugins for Editor in 0.00 ms.
Unloading 1096 Unused Serialized files (Serialized files now loaded: 0)
System memory in use before: 61.7 MB.
System memory in use after: 61.4 MB.

Unloading 8 unused Assets to reduce memory usage. Loaded Objects now: 1583.
Total: 1.470800 ms (FindLiveObjects: 0.095000 ms CreateObjectMapping: 0.025000 ms MarkObjects: 1.176600 ms  DeleteObjects: 0.173600 ms)

========================================================================
Received Prepare
Registering precompiled user dll's ...
Registered in 0.001150 seconds.
Begin MonoManager ReloadAssembly
Native extension for WindowsStandalone target not found
Refreshing native plugins compatible for Editor in 0.24 ms, found 0 plugins.
Preloading 0 native plugins for Editor in 0.00 ms.
Invoked RoslynAnalysisRunner static constructor.
RoslynAnalysisRunner will not be running.
RoslynAnalysisRunner has terminated.
Mono: successfully reloaded assembly
- Completed reload, in  0.594 seconds
Platform modules already initialized, skipping
Refreshing native plugins compatible for Editor in 0.23 ms, found 0 plugins.
Preloading 0 native plugins for Editor in 0.00 ms.
Unloading 1096 Unused Serialized files (Serialized files now loaded: 0)
System memory in use before: 61.9 MB.
System memory in use after: 61.6 MB.

Unloading 8 unused Assets to reduce memory usage. Loaded Objects now: 1585.
Total: 1.511800 ms (FindLiveObjects: 0.183600 ms CreateObjectMapping: 0.070200 ms MarkObjects: 1.071700 ms  DeleteObjects: 0.185200 ms)

========================================================================
Received Prepare
Registering precompiled user dll's ...
Registered in 0.001089 seconds.
Begin MonoManager ReloadAssembly
Native extension for WindowsStandalone target not found
Refreshing native plugins compatible for Editor in 0.22 ms, found 0 plugins.
Preloading 0 native plugins for Editor in 0.00 ms.
Invoked RoslynAnalysisRunner static constructor.
RoslynAnalysisRunner will not be running.
RoslynAnalysisRunner has terminated.
Mono: successfully reloaded assembly
- Completed reload, in  0.617 seconds
Platform modules already initialized, skipping
Refreshing native plugins compatible for Editor in 0.25 ms, found 0 plugins.
Preloading 0 native plugins for Editor in 0.00 ms.
Unloading 1096 Unused Serialized files (Serialized files now loaded: 0)
System memory in use before: 62.1 MB.
System memory in use after: 61.8 MB.

Unloading 8 unused Assets to reduce memory usage. Loaded Objects now: 1587.
Total: 1.480400 ms (FindLiveObjects: 0.103500 ms CreateObjectMapping: 0.028600 ms MarkObjects: 1.173500 ms  DeleteObjects: 0.174000 ms)

========================================================================
Received Import Request.
  Time since last request: 435.736643 seconds.
  path: Assets/Prefabs/Triple_Shot.prefab
  artifactKey: Guid(128ceadd98766ab4b83cb27fbfd3501b) Importer(815301076,1909f56bfc062723c751e8b465ee728b)
Start importing Assets/Prefabs/Triple_Shot.prefab using Guid(128ceadd98766ab4b83cb27fbfd3501b) Importer(815301076,1909f56bfc062723c751e8b465ee728b)  -> (artifact id: '676f39eb2e1e00da1afa9c8428e91a83') in 0.040629 seconds
  Import took 0.042259 seconds .

========================================================================
Received Import Request.
  Time since last request: 0.001080 seconds.
  path: Assets/Prefabs/Triple_Shot.prefab
  artifactKey: Guid(128ceadd98766ab4b83cb27fbfd3501b) Importer(815301076,1909f56bfc062723c751e8b465ee728b)
Start importing Assets/Prefabs/Triple_Shot.prefab using Guid(128ceadd98766ab4b83cb27fbfd3501b) Importer(815301076,1909f56bfc062723c751e8b465ee728b)  -> (artifact id: '676f39eb2e1e00da1afa9c8428e91a83') in 0.010393 seconds
  Import took 0.011866 seconds .

========================================================================
Received Import Request.
  Time since last request: 146.456827 seconds.
  path: Assets/Prefabs/Triple_Shot.prefab
  artifactKey: Guid(128ceadd98766ab4b83cb27fbfd3501b) Importer(815301076,1909f56bfc062723c751e8b465ee728b)
Start importing Assets/Prefabs/Triple_Shot.prefab using Guid(128ceadd98766ab4b83cb27fbfd3501b) Importer(815301076,1909f56bfc062723c751e8b465ee728b)  -> (artifact id: 'e817d0a569665440e6c279cc629bec52') in 0.009135 seconds
  Import took 0.011244 seconds .

========================================================================
Received Import Request.
  Time since last request: 33.187941 seconds.
  path: Assets/Prefabs/Player.prefab
  artifactKey: Guid(7db3a7817a6cbad44ad6d4a33cbc12f0) Importer(815301076,1909f56bfc062723c751e8b465ee728b)
Start importing Assets/Prefabs/Player.prefab using Guid(7db3a7817a6cbad44ad6d4a33cbc12f0) Importer(815301076,1909f56bfc062723c751e8b465ee728b)  -> (artifact id: '7057673add39ce9743df52205bc4488e') in 0.007583 seconds
  Import took 0.009156 seconds .

========================================================================
Received Prepare
Registering precompiled user dll's ...
Registered in 0.001298 seconds.
Begin MonoManager ReloadAssembly
Native extension for WindowsStandalone target not found
Refreshing native plugins compatible for Editor in 0.23 ms, found 0 plugins.
Preloading 0 native plugins for Editor in 0.00 ms.
Invoked RoslynAnalysisRunner static constructor.
RoslynAnalysisRunner will not be running.
RoslynAnalysisRunner has terminated.
Mono: successfully reloaded assembly
- Completed reload, in  0.605 seconds
Platform modules already initialized, skipping
Refreshing native plugins compatible for Editor in 0.21 ms, found 0 plugins.
Preloading 0 native plugins for Editor in 0.00 ms.
Unloading 1096 Unused Serialized files (Serialized files now loaded: 0)
System memory in use before: 62.3 MB.
System memory in use after: 62.0 MB.

Unloading 8 unused Assets to reduce memory usage. Loaded Objects now: 1590.
Total: 1.644700 ms (FindLiveObjects: 0.107300 ms CreateObjectMapping: 0.030000 ms MarkObjects: 1.318500 ms  DeleteObjects: 0.188200 ms)

========================================================================
Received Import Request.
  Time since last request: 12.435615 seconds.
  path: Assets/Prefabs/Player.prefab
  artifactKey: Guid(7db3a7817a6cbad44ad6d4a33cbc12f0) Importer(815301076,1909f56bfc062723c751e8b465ee728b)
Start importing Assets/Prefabs/Player.prefab using Guid(7db3a7817a6cbad44ad6d4a33cbc12f0) Importer(815301076,1909f56bfc062723c751e8b465ee728b)  -> (artifact id: '6fb60ed5c3a93be84a660d6a07a46178') in 0.040722 seconds
  Import took 0.042397 seconds .

========================================================================
Received Prepare
Registering precompiled user dll's ...
Registered in 0.001214 seconds.
Begin MonoManager ReloadAssembly
Native extension for WindowsStandalone target not found
Refreshing native plugins compatible for Editor in 0.23 ms, found 0 plugins.
Preloading 0 native plugins for Editor in 0.00 ms.
Invoked RoslynAnalysisRunner static constructor.
RoslynAnalysisRunner will not be running.
RoslynAnalysisRunner has terminated.
Mono: successfully reloaded assembly
- Completed reload, in  0.602 seconds
Platform modules already initialized, skipping
Refreshing native plugins compatible for Editor in 0.22 ms, found 0 plugins.
Preloading 0 native plugins for Editor in 0.00 ms.
Unloading 1096 Unused Serialized files (Serialized files now loaded: 0)
System memory in use before: 61.5 MB.
System memory in use after: 61.3 MB.

Unloading 8 unused Assets to reduce memory usage. Loaded Objects now: 1593.
Total: 1.469700 ms (FindLiveObjects: 0.125700 ms CreateObjectMapping: 0.034400 ms MarkObjects: 1.116100 ms  DeleteObjects: 0.192600 ms)

========================================================================
Received Import Request.
  Time since last request: 58245.847460 seconds.
  path: Assets/GameDevHQ/FileBase/Projects/Tutorials/Starter_Files/2D_Galaxy_Assets/Sprites/Power_Ups/Triple_Shot/Powerup3_0008_00000.png
  artifactKey: Guid(ed6681d697652144a913093bf7ad1d43) Importer(815301076,1909f56bfc062723c751e8b465ee728b)
Start importing Assets/GameDevHQ/FileBase/Projects/Tutorials/Starter_Files/2D_Galaxy_Assets/Sprites/Power_Ups/Triple_Shot/Powerup3_0008_00000.png using Guid(ed6681d697652144a913093bf7ad1d43) Importer(815301076,1909f56bfc062723c751e8b465ee728b)  -> (artifact id: 'ffe7125705582d158204ef82833138b7') in 0.155716 seconds
  Import took 0.184200 seconds .

========================================================================
Received Prepare
Registering precompiled user dll's ...
Registered in 0.001101 seconds.
Begin MonoManager ReloadAssembly
Native extension for WindowsStandalone target not found
Refreshing native plugins compatible for Editor in 0.24 ms, found 0 plugins.
Preloading 0 native plugins for Editor in 0.00 ms.
Invoked RoslynAnalysisRunner static constructor.
RoslynAnalysisRunner will not be running.
RoslynAnalysisRunner has terminated.
Mono: successfully reloaded assembly
- Completed reload, in  0.654 seconds
Platform modules already initialized, skipping
Refreshing native plugins compatible for Editor in 0.23 ms, found 0 plugins.
Preloading 0 native plugins for Editor in 0.00 ms.
Unloading 1097 Unused Serialized files (Serialized files now loaded: 0)
System memory in use before: 61.8 MB.
System memory in use after: 61.5 MB.

Unloading 8 unused Assets to reduce memory usage. Loaded Objects now: 1599.
Total: 1.347700 ms (FindLiveObjects: 0.104600 ms CreateObjectMapping: 0.027500 ms MarkObjects: 1.038500 ms  DeleteObjects: 0.175900 ms)

========================================================================
Received Import Request.
  Time since last request: 191.736540 seconds.
  path: Assets/Scripts/NewBehaviourScript.cs
  artifactKey: Guid(8c76f560181670543bc33e4b867d8709) Importer(815301076,1909f56bfc062723c751e8b465ee728b)
Start importing Assets/Scripts/NewBehaviourScript.cs using Guid(8c76f560181670543bc33e4b867d8709) Importer(815301076,1909f56bfc062723c751e8b465ee728b)  -> (artifact id: 'd0078f83ea1f7afdfc0bf0c926346a60') in 0.003186 seconds
  Import took 0.014965 seconds .

========================================================================
Received Prepare
Registering precompiled user dll's ...
Registered in 0.001173 seconds.
Begin MonoManager ReloadAssembly
Native extension for WindowsStandalone target not found
Refreshing native plugins compatible for Editor in 0.23 ms, found 0 plugins.
Preloading 0 native plugins for Editor in 0.00 ms.
Invoked RoslynAnalysisRunner static constructor.
RoslynAnalysisRunner will not be running.
RoslynAnalysisRunner has terminated.
Mono: successfully reloaded assembly
- Completed reload, in  0.624 seconds
Platform modules already initialized, skipping
Refreshing native plugins compatible for Editor in 0.27 ms, found 0 plugins.
Preloading 0 native plugins for Editor in 0.00 ms.
Unloading 1097 Unused Serialized files (Serialized files now loaded: 0)
System memory in use before: 62.0 MB.
System memory in use after: 61.7 MB.

Unloading 9 unused Assets to reduce memory usage. Loaded Objects now: 1601.
Total: 1.576800 ms (FindLiveObjects: 0.136000 ms CreateObjectMapping: 0.034400 ms MarkObjects: 1.204000 ms  DeleteObjects: 0.201300 ms)

========================================================================
Received Import Request.
  Time since last request: 20.613225 seconds.
  path: Assets/Scripts/Powerup.cs
  artifactKey: Guid(62504910a64ccf546b832a74924bd63c) Importer(815301076,1909f56bfc062723c751e8b465ee728b)
Start importing Assets/Scripts/Powerup.cs using Guid(62504910a64ccf546b832a74924bd63c) Importer(815301076,1909f56bfc062723c751e8b465ee728b)  -> (artifact id: '5c85611bd24ef38d21de3415eee6a360') in 0.003381 seconds
  Import took 0.019083 seconds .

========================================================================
Received Prepare
Registering precompiled user dll's ...
Registered in 0.001269 seconds.
Begin MonoManager ReloadAssembly
Native extension for WindowsStandalone target not found
Refreshing native plugins compatible for Editor in 0.24 ms, found 0 plugins.
Preloading 0 native plugins for Editor in 0.00 ms.
Invoked RoslynAnalysisRunner static constructor.
RoslynAnalysisRunner will not be running.
RoslynAnalysisRunner has terminated.
Mono: successfully reloaded assembly
- Completed reload, in  0.625 seconds
Platform modules already initialized, skipping
Refreshing native plugins compatible for Editor in 0.21 ms, found 0 plugins.
Preloading 0 native plugins for Editor in 0.00 ms.
Unloading 1096 Unused Serialized files (Serialized files now loaded: 0)
System memory in use before: 62.2 MB.
System memory in use after: 61.9 MB.

Unloading 9 unused Assets to reduce memory usage. Loaded Objects now: 1602.
Total: 1.372800 ms (FindLiveObjects: 0.115800 ms CreateObjectMapping: 0.032600 ms MarkObjects: 1.047300 ms  DeleteObjects: 0.176100 ms)

========================================================================
Received Import Request.
  Time since last request: 101.701578 seconds.
  path: Assets/Scripts/Powerup.cs
  artifactKey: Guid(62504910a64ccf546b832a74924bd63c) Importer(815301076,1909f56bfc062723c751e8b465ee728b)
Start importing Assets/Scripts/Powerup.cs using Guid(62504910a64ccf546b832a74924bd63c) Importer(815301076,1909f56bfc062723c751e8b465ee728b)  -> (artifact id: '8b8aebd545853e675fe1d531338c1850') in 0.002913 seconds
  Import took 0.004543 seconds .

========================================================================
Received Prepare
Registering precompiled user dll's ...
Registered in 0.001166 seconds.
Begin MonoManager ReloadAssembly
Native extension for WindowsStandalone target not found
Refreshing native plugins compatible for Editor in 0.23 ms, found 0 plugins.
Preloading 0 native plugins for Editor in 0.00 ms.
Invoked RoslynAnalysisRunner static constructor.
RoslynAnalysisRunner will not be running.
RoslynAnalysisRunner has terminated.
Mono: successfully reloaded assembly
- Completed reload, in  0.611 seconds
Platform modules already initialized, skipping
Refreshing native plugins compatible for Editor in 0.21 ms, found 0 plugins.
Preloading 0 native plugins for Editor in 0.00 ms.
Unloading 1097 Unused Serialized files (Serialized files now loaded: 0)
System memory in use before: 62.4 MB.
System memory in use after: 62.1 MB.

Unloading 8 unused Assets to reduce memory usage. Loaded Objects now: 1605.
Total: 1.856300 ms (FindLiveObjects: 0.160500 ms CreateObjectMapping: 0.046000 ms MarkObjects: 1.455500 ms  DeleteObjects: 0.193700 ms)

========================================================================
Received Import Request.
  Time since last request: 113.913554 seconds.
  path: Assets/Prefabs/Triple_Shot_Powerup.prefab
  artifactKey: Guid(a9d0b95d03e87f84cbfc394c16ffa8c2) Importer(815301076,1909f56bfc062723c751e8b465ee728b)
Start importing Assets/Prefabs/Triple_Shot_Powerup.prefab using Guid(a9d0b95d03e87f84cbfc394c16ffa8c2) Importer(815301076,1909f56bfc062723c751e8b465ee728b)  -> (artifact id: 'cdf89a39ca300cff7bd5a841817c4e98') in 0.043270 seconds
  Import took 0.044997 seconds .

========================================================================
Received Import Request.
  Time since last request: 0.003334 seconds.
  path: Assets/Prefabs/Triple_Shot_Powerup.prefab
  artifactKey: Guid(a9d0b95d03e87f84cbfc394c16ffa8c2) Importer(815301076,1909f56bfc062723c751e8b465ee728b)
Start importing Assets/Prefabs/Triple_Shot_Powerup.prefab using Guid(a9d0b95d03e87f84cbfc394c16ffa8c2) Importer(815301076,1909f56bfc062723c751e8b465ee728b)  -> (artifact id: 'cdf89a39ca300cff7bd5a841817c4e98') in 0.007214 seconds
  Import took 0.008840 seconds .

========================================================================
Received Import Request.
  Time since last request: 47.939057 seconds.
  path: ProjectSettings/TagManager.asset
  artifactKey: Guid(00000000000000003000000000000000) Importer(815301076,1909f56bfc062723c751e8b465ee728b)
Start importing ProjectSettings/TagManager.asset using Guid(00000000000000003000000000000000) Importer(815301076,1909f56bfc062723c751e8b465ee728b)  -> (artifact id: 'a2f7a628b4d99c77fc900c8cdb29c75b') in 0.003156 seconds
  Import took 0.004731 seconds .

========================================================================
Received Import Request.
  Time since last request: 0.004428 seconds.
  path: ProjectSettings/TagManager.asset
  artifactKey: Guid(00000000000000003000000000000000) Importer(815301076,1909f56bfc062723c751e8b465ee728b)
Start importing ProjectSettings/TagManager.asset using Guid(00000000000000003000000000000000) Importer(815301076,1909f56bfc062723c751e8b465ee728b)  -> (artifact id: 'a2f7a628b4d99c77fc900c8cdb29c75b') in 0.001703 seconds
  Import took 0.003112 seconds .

========================================================================
Received Import Request.
  Time since last request: 40.808256 seconds.
  path: Assets/Prefabs/Triple_Shot_Powerup.prefab
  artifactKey: Guid(a9d0b95d03e87f84cbfc394c16ffa8c2) Importer(815301076,1909f56bfc062723c751e8b465ee728b)
Start importing Assets/Prefabs/Triple_Shot_Powerup.prefab using Guid(a9d0b95d03e87f84cbfc394c16ffa8c2) Importer(815301076,1909f56bfc062723c751e8b465ee728b)  -> (artifact id: '0e021858ed9429f8eddd74fe3fc7ce7a') in 0.007953 seconds
  Import took 0.009776 seconds .

========================================================================
Received Prepare
Registering precompiled user dll's ...
Registered in 0.001112 seconds.
Begin MonoManager ReloadAssembly
Native extension for WindowsStandalone target not found
Refreshing native plugins compatible for Editor in 0.23 ms, found 0 plugins.
Preloading 0 native plugins for Editor in 0.00 ms.
Invoked RoslynAnalysisRunner static constructor.
RoslynAnalysisRunner will not be running.
RoslynAnalysisRunner has terminated.
Mono: successfully reloaded assembly
- Completed reload, in  0.611 seconds
Platform modules already initialized, skipping
Refreshing native plugins compatible for Editor in 0.21 ms, found 0 plugins.
Preloading 0 native plugins for Editor in 0.00 ms.
Unloading 1097 Unused Serialized files (Serialized files now loaded: 0)
System memory in use before: 61.7 MB.
System memory in use after: 61.4 MB.

Unloading 10 unused Assets to reduce memory usage. Loaded Objects now: 1608.
Total: 1.531200 ms (FindLiveObjects: 0.121600 ms CreateObjectMapping: 0.034800 ms MarkObjects: 1.202600 ms  DeleteObjects: 0.171600 ms)

========================================================================
Received Import Request.
  Time since last request: 110786.607157 seconds.
  path: Assets/Scripts/Powerup.cs
  artifactKey: Guid(62504910a64ccf546b832a74924bd63c) Importer(815301076,1909f56bfc062723c751e8b465ee728b)
Start importing Assets/Scripts/Powerup.cs using Guid(62504910a64ccf546b832a74924bd63c) Importer(815301076,1909f56bfc062723c751e8b465ee728b)  -> (artifact id: '675885fbef8aeaa89f31c9e70aceb997') in 0.035903 seconds
  Import took 0.066325 seconds .

========================================================================
Received Prepare
Registering precompiled user dll's ...
Registered in 0.001722 seconds.
Begin MonoManager ReloadAssembly
Native extension for WindowsStandalone target not found
Refreshing native plugins compatible for Editor in 0.24 ms, found 0 plugins.
Preloading 0 native plugins for Editor in 0.00 ms.
Invoked RoslynAnalysisRunner static constructor.
RoslynAnalysisRunner will not be running.
RoslynAnalysisRunner has terminated.
Mono: successfully reloaded assembly
- Completed reload, in  0.679 seconds
Platform modules already initialized, skipping
Refreshing native plugins compatible for Editor in 0.22 ms, found 0 plugins.
Preloading 0 native plugins for Editor in 0.00 ms.
Unloading 1097 Unused Serialized files (Serialized files now loaded: 0)
System memory in use before: 61.9 MB.
System memory in use after: 61.6 MB.

Unloading 8 unused Assets to reduce memory usage. Loaded Objects now: 1610.
Total: 1.574600 ms (FindLiveObjects: 0.119400 ms CreateObjectMapping: 0.026300 ms MarkObjects: 1.226200 ms  DeleteObjects: 0.201800 ms)

========================================================================
Received Import Request.
  Time since last request: 325.753278 seconds.
  path: Assets/Scripts/Powerup.cs
  artifactKey: Guid(62504910a64ccf546b832a74924bd63c) Importer(815301076,1909f56bfc062723c751e8b465ee728b)
Start importing Assets/Scripts/Powerup.cs using Guid(62504910a64ccf546b832a74924bd63c) Importer(815301076,1909f56bfc062723c751e8b465ee728b)  -> (artifact id: 'f6574f76c1e1c11eac7179cd32c0f934') in 0.002857 seconds
  Import took 0.004529 seconds .

========================================================================
Received Prepare
Registering precompiled user dll's ...
Registered in 0.001131 seconds.
Begin MonoManager ReloadAssembly
Native extension for WindowsStandalone target not found
Refreshing native plugins compatible for Editor in 0.24 ms, found 0 plugins.
Preloading 0 native plugins for Editor in 0.00 ms.
Invoked RoslynAnalysisRunner static constructor.
RoslynAnalysisRunner will not be running.
RoslynAnalysisRunner has terminated.
Mono: successfully reloaded assembly
- Completed reload, in  0.598 seconds
Platform modules already initialized, skipping
Refreshing native plugins compatible for Editor in 0.21 ms, found 0 plugins.
Preloading 0 native plugins for Editor in 0.00 ms.
Unloading 1097 Unused Serialized files (Serialized files now loaded: 0)
System memory in use before: 62.1 MB.
System memory in use after: 61.8 MB.

Unloading 8 unused Assets to reduce memory usage. Loaded Objects now: 1612.
Total: 1.438800 ms (FindLiveObjects: 0.109500 ms CreateObjectMapping: 0.028500 ms MarkObjects: 1.131500 ms  DeleteObjects: 0.168300 ms)

========================================================================
Received Import Request.
  Time since last request: 85.102000 seconds.
  path: Assets/Prefabs/Triple_Shot.prefab
  artifactKey: Guid(128ceadd98766ab4b83cb27fbfd3501b) Importer(815301076,1909f56bfc062723c751e8b465ee728b)
Start importing Assets/Prefabs/Triple_Shot.prefab using Guid(128ceadd98766ab4b83cb27fbfd3501b) Importer(815301076,1909f56bfc062723c751e8b465ee728b)  -> (artifact id: '1d6466640b00aed65e2a56a0095832e0') in 0.077342 seconds
  Import took 0.078951 seconds .

========================================================================
Received Import Request.
  Time since last request: 0.666329 seconds.
  path: Assets/Prefabs/Triple_Shot_Powerup.prefab
  artifactKey: Guid(a9d0b95d03e87f84cbfc394c16ffa8c2) Importer(815301076,1909f56bfc062723c751e8b465ee728b)
Start importing Assets/Prefabs/Triple_Shot_Powerup.prefab using Guid(a9d0b95d03e87f84cbfc394c16ffa8c2) Importer(815301076,1909f56bfc062723c751e8b465ee728b)  -> (artifact id: 'd55cb6937c8caaae9bd9f711be5fb687') in 0.025430 seconds
  Import took 0.027049 seconds .

========================================================================
Received Import Request.
  Time since last request: 0.019182 seconds.
  path: Assets/Prefabs/Triple_Shot_Powerup.prefab
  artifactKey: Guid(a9d0b95d03e87f84cbfc394c16ffa8c2) Importer(815301076,1909f56bfc062723c751e8b465ee728b)
Start importing Assets/Prefabs/Triple_Shot_Powerup.prefab using Guid(a9d0b95d03e87f84cbfc394c16ffa8c2) Importer(815301076,1909f56bfc062723c751e8b465ee728b)  -> (artifact id: 'd55cb6937c8caaae9bd9f711be5fb687') in 0.007661 seconds
  Import took 0.009242 seconds .

========================================================================
Received Prepare
Registering precompiled user dll's ...
Registered in 0.001270 seconds.
Begin MonoManager ReloadAssembly
Native extension for WindowsStandalone target not found
Refreshing native plugins compatible for Editor in 0.23 ms, found 0 plugins.
Preloading 0 native plugins for Editor in 0.00 ms.
Invoked RoslynAnalysisRunner static constructor.
RoslynAnalysisRunner will not be running.
RoslynAnalysisRunner has terminated.
Mono: successfully reloaded assembly
- Completed reload, in  0.623 seconds
Platform modules already initialized, skipping
Refreshing native plugins compatible for Editor in 0.21 ms, found 0 plugins.
Preloading 0 native plugins for Editor in 0.00 ms.
Unloading 1097 Unused Serialized files (Serialized files now loaded: 0)
System memory in use before: 62.3 MB.
System memory in use after: 62.0 MB.

Unloading 8 unused Assets to reduce memory usage. Loaded Objects now: 1615.
Total: 1.711500 ms (FindLiveObjects: 0.164700 ms CreateObjectMapping: 0.055500 ms MarkObjects: 1.308800 ms  DeleteObjects: 0.181600 ms)

========================================================================
Received Prepare
Registering precompiled user dll's ...
Registered in 0.001253 seconds.
Begin MonoManager ReloadAssembly
Native extension for WindowsStandalone target not found
Refreshing native plugins compatible for Editor in 0.23 ms, found 0 plugins.
Preloading 0 native plugins for Editor in 0.00 ms.
Invoked RoslynAnalysisRunner static constructor.
RoslynAnalysisRunner will not be running.
RoslynAnalysisRunner has terminated.
Mono: successfully reloaded assembly
- Completed reload, in  0.609 seconds
Platform modules already initialized, skipping
Refreshing native plugins compatible for Editor in 0.23 ms, found 0 plugins.
Preloading 0 native plugins for Editor in 0.00 ms.
Unloading 1097 Unused Serialized files (Serialized files now loaded: 0)
System memory in use before: 62.4 MB.
System memory in use after: 62.1 MB.

Unloading 8 unused Assets to reduce memory usage. Loaded Objects now: 1617.
Total: 1.498600 ms (FindLiveObjects: 0.131200 ms CreateObjectMapping: 0.033500 ms MarkObjects: 1.152100 ms  DeleteObjects: 0.181000 ms)

========================================================================
Received Prepare
Registering precompiled user dll's ...
Registered in 0.001209 seconds.
Begin MonoManager ReloadAssembly
Native extension for WindowsStandalone target not found
Refreshing native plugins compatible for Editor in 0.38 ms, found 0 plugins.
Preloading 0 native plugins for Editor in 0.00 ms.
Invoked RoslynAnalysisRunner static constructor.
RoslynAnalysisRunner will not be running.
RoslynAnalysisRunner has terminated.
Mono: successfully reloaded assembly
- Completed reload, in  0.633 seconds
Platform modules already initialized, skipping
Refreshing native plugins compatible for Editor in 0.22 ms, found 0 plugins.
Preloading 0 native plugins for Editor in 0.00 ms.
Unloading 1097 Unused Serialized files (Serialized files now loaded: 0)
System memory in use before: 61.7 MB.
System memory in use after: 61.5 MB.

Unloading 8 unused Assets to reduce memory usage. Loaded Objects now: 1619.
Total: 1.526200 ms (FindLiveObjects: 0.106900 ms CreateObjectMapping: 0.027400 ms MarkObjects: 1.213300 ms  DeleteObjects: 0.177800 ms)

========================================================================
Received Prepare
Registering precompiled user dll's ...
Registered in 0.001271 seconds.
Begin MonoManager ReloadAssembly
Native extension for WindowsStandalone target not found
Refreshing native plugins compatible for Editor in 0.23 ms, found 0 plugins.
Preloading 0 native plugins for Editor in 0.00 ms.
Invoked RoslynAnalysisRunner static constructor.
RoslynAnalysisRunner will not be running.
RoslynAnalysisRunner has terminated.
Mono: successfully reloaded assembly
- Completed reload, in  0.594 seconds
Platform modules already initialized, skipping
Refreshing native plugins compatible for Editor in 0.23 ms, found 0 plugins.
Preloading 0 native plugins for Editor in 0.00 ms.
Unloading 1097 Unused Serialized files (Serialized files now loaded: 0)
System memory in use before: 61.9 MB.
System memory in use after: 61.7 MB.

Unloading 8 unused Assets to reduce memory usage. Loaded Objects now: 1621.
Total: 1.375600 ms (FindLiveObjects: 0.106600 ms CreateObjectMapping: 0.028700 ms MarkObjects: 1.066100 ms  DeleteObjects: 0.173500 ms)

========================================================================
Received Prepare
Registering precompiled user dll's ...
Registered in 0.001212 seconds.
Begin MonoManager ReloadAssembly
Native extension for WindowsStandalone target not found
Refreshing native plugins compatible for Editor in 0.37 ms, found 0 plugins.
Preloading 0 native plugins for Editor in 0.00 ms.
Invoked RoslynAnalysisRunner static constructor.
RoslynAnalysisRunner will not be running.
RoslynAnalysisRunner has terminated.
Mono: successfully reloaded assembly
- Completed reload, in  0.615 seconds
Platform modules already initialized, skipping
Refreshing native plugins compatible for Editor in 0.22 ms, found 0 plugins.
Preloading 0 native plugins for Editor in 0.00 ms.
Unloading 1097 Unused Serialized files (Serialized files now loaded: 0)
System memory in use before: 62.2 MB.
System memory in use after: 61.9 MB.

Unloading 8 unused Assets to reduce memory usage. Loaded Objects now: 1623.
Total: 1.356600 ms (FindLiveObjects: 0.126400 ms CreateObjectMapping: 0.033300 ms MarkObjects: 1.013600 ms  DeleteObjects: 0.182000 ms)

========================================================================
Received Prepare
Registering precompiled user dll's ...
Registered in 0.001076 seconds.
Begin MonoManager ReloadAssembly
Native extension for WindowsStandalone target not found
Refreshing native plugins compatible for Editor in 0.23 ms, found 0 plugins.
Preloading 0 native plugins for Editor in 0.00 ms.
Invoked RoslynAnalysisRunner static constructor.
RoslynAnalysisRunner will not be running.
RoslynAnalysisRunner has terminated.
Mono: successfully reloaded assembly
- Completed reload, in  0.587 seconds
Platform modules already initialized, skipping
Refreshing native plugins compatible for Editor in 0.21 ms, found 0 plugins.
Preloading 0 native plugins for Editor in 0.00 ms.
Unloading 1097 Unused Serialized files (Serialized files now loaded: 0)
System memory in use before: 62.4 MB.
System memory in use after: 62.1 MB.

Unloading 8 unused Assets to reduce memory usage. Loaded Objects now: 1625.
Total: 1.511500 ms (FindLiveObjects: 0.109800 ms CreateObjectMapping: 0.030400 ms MarkObjects: 1.190800 ms  DeleteObjects: 0.179800 ms)

========================================================================
Received Prepare
Registering precompiled user dll's ...
Registered in 0.001074 seconds.
Begin MonoManager ReloadAssembly
Native extension for WindowsStandalone target not found
Refreshing native plugins compatible for Editor in 0.23 ms, found 0 plugins.
Preloading 0 native plugins for Editor in 0.00 ms.
Invoked RoslynAnalysisRunner static constructor.
RoslynAnalysisRunner will not be running.
RoslynAnalysisRunner has terminated.
Mono: successfully reloaded assembly
- Completed reload, in  0.610 seconds
Platform modules already initialized, skipping
Refreshing native plugins compatible for Editor in 0.21 ms, found 0 plugins.
Preloading 0 native plugins for Editor in 0.00 ms.
Unloading 1097 Unused Serialized files (Serialized files now loaded: 0)
System memory in use before: 62.4 MB.
System memory in use after: 62.2 MB.

Unloading 8 unused Assets to reduce memory usage. Loaded Objects now: 1627.
Total: 1.605200 ms (FindLiveObjects: 0.129600 ms CreateObjectMapping: 0.032000 ms MarkObjects: 1.262300 ms  DeleteObjects: 0.180000 ms)

========================================================================
Received Prepare
Registering precompiled user dll's ...
Registered in 0.001064 seconds.
Begin MonoManager ReloadAssembly
Native extension for WindowsStandalone target not found
Refreshing native plugins compatible for Editor in 0.24 ms, found 0 plugins.
Preloading 0 native plugins for Editor in 0.00 ms.
Invoked RoslynAnalysisRunner static constructor.
RoslynAnalysisRunner will not be running.
RoslynAnalysisRunner has terminated.
Mono: successfully reloaded assembly
- Completed reload, in  0.605 seconds
Platform modules already initialized, skipping
Refreshing native plugins compatible for Editor in 0.21 ms, found 0 plugins.
Preloading 0 native plugins for Editor in 0.00 ms.
Unloading 1097 Unused Serialized files (Serialized files now loaded: 0)
System memory in use before: 61.8 MB.
System memory in use after: 61.5 MB.

Unloading 8 unused Assets to reduce memory usage. Loaded Objects now: 1629.
Total: 1.531200 ms (FindLiveObjects: 0.109800 ms CreateObjectMapping: 0.031400 ms MarkObjects: 1.210700 ms  DeleteObjects: 0.178400 ms)

========================================================================
Received Import Request.
  Time since last request: 83286.298936 seconds.
  path: Assets/GameDevHQ/FileBase/Projects/Tutorials/Starter_Files/2D_Galaxy_Assets/Sprites/Power_Ups/Triple_Shot/Powerup3_0008_00006.png
  artifactKey: Guid(a58a8d41efafe8343b08c0b7f3b1b916) Importer(815301076,1909f56bfc062723c751e8b465ee728b)
Start importing Assets/GameDevHQ/FileBase/Projects/Tutorials/Starter_Files/2D_Galaxy_Assets/Sprites/Power_Ups/Triple_Shot/Powerup3_0008_00006.png using Guid(a58a8d41efafe8343b08c0b7f3b1b916) Importer(815301076,1909f56bfc062723c751e8b465ee728b)  -> (artifact id: 'f33ff291261653d235930ec3ab6297d7') in 0.145322 seconds
  Import took 0.175838 seconds .

========================================================================
Received Prepare
Registering precompiled user dll's ...
Registered in 0.001206 seconds.
Begin MonoManager ReloadAssembly
Native extension for WindowsStandalone target not found
Refreshing native plugins compatible for Editor in 0.25 ms, found 0 plugins.
Preloading 0 native plugins for Editor in 0.00 ms.
Invoked RoslynAnalysisRunner static constructor.
RoslynAnalysisRunner will not be running.
RoslynAnalysisRunner has terminated.
Mono: successfully reloaded assembly
- Completed reload, in  0.643 seconds
Platform modules already initialized, skipping
Refreshing native plugins compatible for Editor in 0.23 ms, found 0 plugins.
Preloading 0 native plugins for Editor in 0.00 ms.
Unloading 1097 Unused Serialized files (Serialized files now loaded: 0)
System memory in use before: 62.0 MB.
System memory in use after: 61.8 MB.

Unloading 8 unused Assets to reduce memory usage. Loaded Objects now: 1632.
Total: 1.488500 ms (FindLiveObjects: 0.131700 ms CreateObjectMapping: 0.035400 ms MarkObjects: 1.127000 ms  DeleteObjects: 0.192900 ms)

========================================================================
Received Import Request.
  Time since last request: 130.555716 seconds.
  path: Assets/Animations/Triple_Shot_Powerup.controller
  artifactKey: Guid(402678d4a76a20c4d91bf10d74b68f95) Importer(815301076,1909f56bfc062723c751e8b465ee728b)
Start importing Assets/Animations/Triple_Shot_Powerup.controller using Guid(402678d4a76a20c4d91bf10d74b68f95) Importer(815301076,1909f56bfc062723c751e8b465ee728b)  -> (artifact id: '52ea4632ac39679c0992f0ac2edcc0ce') in 0.014586 seconds
  Import took 0.016141 seconds .

========================================================================
Received Import Request.
  Time since last request: 34.740683 seconds.
  path: Assets/Animations/Triple_shot_powerup_anim.anim
  artifactKey: Guid(f8d9e9645b2d6a342b0d76af0ce78a6c) Importer(815301076,1909f56bfc062723c751e8b465ee728b)
Start importing Assets/Animations/Triple_shot_powerup_anim.anim using Guid(f8d9e9645b2d6a342b0d76af0ce78a6c) Importer(815301076,1909f56bfc062723c751e8b465ee728b)  -> (artifact id: 'ae9ede3b007db9c312adc8581339f5bc') in 0.003726 seconds
  Import took 0.005165 seconds .

========================================================================
Received Import Request.
  Time since last request: 0.005478 seconds.
  path: Assets/Animations/Triple_shot_powerup_anim.anim
  artifactKey: Guid(f8d9e9645b2d6a342b0d76af0ce78a6c) Importer(815301076,1909f56bfc062723c751e8b465ee728b)
Start importing Assets/Animations/Triple_shot_powerup_anim.anim using Guid(f8d9e9645b2d6a342b0d76af0ce78a6c) Importer(815301076,1909f56bfc062723c751e8b465ee728b)  -> (artifact id: 'ae9ede3b007db9c312adc8581339f5bc') in 0.001635 seconds
  Import took 0.003132 seconds .

========================================================================
Received Import Request.
  Time since last request: 6.067899 seconds.
  path: Assets/Prefabs/Triple_Shot_Powerup.prefab
  artifactKey: Guid(a9d0b95d03e87f84cbfc394c16ffa8c2) Importer(815301076,1909f56bfc062723c751e8b465ee728b)
Start importing Assets/Prefabs/Triple_Shot_Powerup.prefab using Guid(a9d0b95d03e87f84cbfc394c16ffa8c2) Importer(815301076,1909f56bfc062723c751e8b465ee728b)  -> (artifact id: 'bae9313229f435cb556984d48904532a') in 0.098826 seconds
  Import took 0.100421 seconds .

========================================================================
Received Prepare
Registering precompiled user dll's ...
Registered in 0.001107 seconds.
Begin MonoManager ReloadAssembly
Native extension for WindowsStandalone target not found
Refreshing native plugins compatible for Editor in 0.22 ms, found 0 plugins.
Preloading 0 native plugins for Editor in 0.00 ms.
Invoked RoslynAnalysisRunner static constructor.
RoslynAnalysisRunner will not be running.
RoslynAnalysisRunner has terminated.
Mono: successfully reloaded assembly
- Completed reload, in  0.618 seconds
Platform modules already initialized, skipping
Refreshing native plugins compatible for Editor in 0.22 ms, found 0 plugins.
Preloading 0 native plugins for Editor in 0.00 ms.
Unloading 1097 Unused Serialized files (Serialized files now loaded: 0)
System memory in use before: 62.2 MB.
System memory in use after: 62.0 MB.

Unloading 8 unused Assets to reduce memory usage. Loaded Objects now: 1635.
Total: 1.387600 ms (FindLiveObjects: 0.123100 ms CreateObjectMapping: 0.035000 ms MarkObjects: 1.050200 ms  DeleteObjects: 0.178300 ms)

========================================================================
Received Import Request.
  Time since last request: 17.034004 seconds.
  path: Assets/Prefabs/Triple_Shot_Powerup.prefab
  artifactKey: Guid(a9d0b95d03e87f84cbfc394c16ffa8c2) Importer(815301076,1909f56bfc062723c751e8b465ee728b)
Start importing Assets/Prefabs/Triple_Shot_Powerup.prefab using Guid(a9d0b95d03e87f84cbfc394c16ffa8c2) Importer(815301076,1909f56bfc062723c751e8b465ee728b)  -> (artifact id: '8e55b965432d71379824dc279e3df11c') in 0.039420 seconds
  Import took 0.040988 seconds .

========================================================================
Received Prepare
Registering precompiled user dll's ...
Registered in 0.001097 seconds.
Begin MonoManager ReloadAssembly
Native extension for WindowsStandalone target not found
Refreshing native plugins compatible for Editor in 0.22 ms, found 0 plugins.
Preloading 0 native plugins for Editor in 0.00 ms.
Invoked RoslynAnalysisRunner static constructor.
RoslynAnalysisRunner will not be running.
RoslynAnalysisRunner has terminated.
Mono: successfully reloaded assembly
- Completed reload, in  0.603 seconds
Platform modules already initialized, skipping
Refreshing native plugins compatible for Editor in 0.22 ms, found 0 plugins.
Preloading 0 native plugins for Editor in 0.00 ms.
Unloading 1097 Unused Serialized files (Serialized files now loaded: 0)
System memory in use before: 62.5 MB.
System memory in use after: 62.2 MB.

Unloading 8 unused Assets to reduce memory usage. Loaded Objects now: 1638.
Total: 1.377400 ms (FindLiveObjects: 0.113100 ms CreateObjectMapping: 0.028600 ms MarkObjects: 1.056800 ms  DeleteObjects: 0.178100 ms)

========================================================================
Received Prepare
Registering precompiled user dll's ...
Registered in 0.001214 seconds.
Begin MonoManager ReloadAssembly
Native extension for WindowsStandalone target not found
Refreshing native plugins compatible for Editor in 0.22 ms, found 0 plugins.
Preloading 0 native plugins for Editor in 0.00 ms.
Invoked RoslynAnalysisRunner static constructor.
RoslynAnalysisRunner will not be running.
RoslynAnalysisRunner has terminated.
Mono: successfully reloaded assembly
- Completed reload, in  0.613 seconds
Platform modules already initialized, skipping
Refreshing native plugins compatible for Editor in 0.23 ms, found 0 plugins.
Preloading 0 native plugins for Editor in 0.00 ms.
Unloading 1097 Unused Serialized files (Serialized files now loaded: 0)
System memory in use before: 61.7 MB.
System memory in use after: 61.4 MB.

Unloading 8 unused Assets to reduce memory usage. Loaded Objects now: 1640.
Total: 1.675100 ms (FindLiveObjects: 0.270800 ms CreateObjectMapping: 0.104400 ms MarkObjects: 1.112000 ms  DeleteObjects: 0.187300 ms)

========================================================================
Received Import Request.
  Time since last request: 1276.077251 seconds.
  path: Assets/Prefabs/Enemy
  artifactKey: Guid(220a541261d2f724ab97492bb915efe0) Importer(815301076,1909f56bfc062723c751e8b465ee728b)
Start importing Assets/Prefabs/Enemy using Guid(220a541261d2f724ab97492bb915efe0) Importer(815301076,1909f56bfc062723c751e8b465ee728b)  -> (artifact id: '74de4457bd1513da03ea379ba92d4a88') in 0.003851 seconds
  Import took 0.005588 seconds .

========================================================================
Received Import Request.
  Time since last request: 12.868729 seconds.
  path: Assets/Prefabs/Power Ups
  artifactKey: Guid(0683e31874a7e6e4791074e3238c18d7) Importer(815301076,1909f56bfc062723c751e8b465ee728b)
Start importing Assets/Prefabs/Power Ups using Guid(0683e31874a7e6e4791074e3238c18d7) Importer(815301076,1909f56bfc062723c751e8b465ee728b)  -> (artifact id: 'cda98f0b8d14e1c40e4bb8b13a76880f') in 0.001774 seconds
  Import took 0.003333 seconds .

========================================================================
Received Prepare
Registering precompiled user dll's ...
Registered in 0.001211 seconds.
Begin MonoManager ReloadAssembly
Native extension for WindowsStandalone target not found
Refreshing native plugins compatible for Editor in 0.36 ms, found 0 plugins.
Preloading 0 native plugins for Editor in 0.00 ms.
Invoked RoslynAnalysisRunner static constructor.
RoslynAnalysisRunner will not be running.
RoslynAnalysisRunner has terminated.
Mono: successfully reloaded assembly
- Completed reload, in  0.609 seconds
Platform modules already initialized, skipping
Refreshing native plugins compatible for Editor in 0.21 ms, found 0 plugins.
Preloading 0 native plugins for Editor in 0.00 ms.
Unloading 1097 Unused Serialized files (Serialized files now loaded: 0)
System memory in use before: 61.9 MB.
System memory in use after: 61.6 MB.

Unloading 8 unused Assets to reduce memory usage. Loaded Objects now: 1642.
Total: 1.680600 ms (FindLiveObjects: 0.145300 ms CreateObjectMapping: 0.055300 ms MarkObjects: 1.293200 ms  DeleteObjects: 0.186200 ms)

========================================================================
Received Import Request.
  Time since last request: 101.186656 seconds.
  path: Assets/Prefabs/PowerUps
  artifactKey: Guid(f8377d935dcd408449387f9afe321cd9) Importer(815301076,1909f56bfc062723c751e8b465ee728b)
Start importing Assets/Prefabs/PowerUps using Guid(f8377d935dcd408449387f9afe321cd9) Importer(815301076,1909f56bfc062723c751e8b465ee728b)  -> (artifact id: '27a097aa484326e480a88c9fc67db4bd') in 0.003031 seconds
  Import took 0.004517 seconds .

========================================================================
Received Import Request.
  Time since last request: 32.516302 seconds.
  path: Assets/Prefabs/PowerUps/Triple_Shot_Powerup.prefab
  artifactKey: Guid(9af80d62e0ea39944baea756f2cd65af) Importer(815301076,1909f56bfc062723c751e8b465ee728b)
Start importing Assets/Prefabs/PowerUps/Triple_Shot_Powerup.prefab using Guid(9af80d62e0ea39944baea756f2cd65af) Importer(815301076,1909f56bfc062723c751e8b465ee728b) The Animator Controller (Triple_Shot_Powerup) you have used is not valid. Animations will not play
UnityEngine.StackTraceUtility:ExtractStackTrace ()
UnityEditor.EditorUtility:Internal_InstantiateRemoveAllNonAnimationComponentsSingle (UnityEngine.Object,UnityEngine.Vector3,UnityEngine.Quaternion)
UnityEditor.EditorUtility:InstantiateRemoveAllNonAnimationComponents (UnityEngine.Object,UnityEngine.Vector3,UnityEngine.Quaternion)
UnityEditor.EditorUtility:InstantiateForAnimatorPreview (UnityEngine.Object)
UnityEditor.GameObjectInspector/PreviewData:UpdateGameObject (UnityEngine.Object)
UnityEditor.GameObjectInspector/PreviewData:.ctor (UnityEngine.Object)
UnityEditor.GameObjectInspector:GetPreviewData ()
UnityEditor.GameObjectInspector:RenderStaticPreview (string,UnityEngine.Object[],int,int)
UnityEditor.AssetPreviewUpdater:CreatePreviewForAsset (UnityEngine.Object,UnityEngine.Object[],string)

[C:\buildslave\unity\build\Modules/Animation/Director/AnimatorControllerPlayable.cpp line 332]

The Animator Controller (Triple_Shot_Powerup) you have used is not valid. Animations will not play
UnityEngine.StackTraceUtility:ExtractStackTrace ()
UnityEditor.EditorUtility:InitInstantiatedPreviewRecursive (UnityEngine.GameObject)
UnityEditor.EditorUtility:InstantiateForAnimatorPreview (UnityEngine.Object)
UnityEditor.GameObjectInspector/PreviewData:UpdateGameObject (UnityEngine.Object)
UnityEditor.GameObjectInspector/PreviewData:.ctor (UnityEngine.Object)
UnityEditor.GameObjectInspector:GetPreviewData ()
UnityEditor.GameObjectInspector:RenderStaticPreview (string,UnityEngine.Object[],int,int)
UnityEditor.AssetPreviewUpdater:CreatePreviewForAsset (UnityEngine.Object,UnityEngine.Object[],string)

[C:\buildslave\unity\build\Modules/Animation/Director/AnimatorControllerPlayable.cpp line 332]

 -> (artifact id: 'c666dcd89643f297e8911b93eb4b7bd8') in 0.044184 seconds
  Import took 0.074219 seconds .

========================================================================
Received Import Request.
  Time since last request: 0.013258 seconds.
  path: Assets/Prefabs/PowerUps/Triple_Shot_Powerup.prefab
  artifactKey: Guid(9af80d62e0ea39944baea756f2cd65af) Importer(815301076,1909f56bfc062723c751e8b465ee728b)
Start importing Assets/Prefabs/PowerUps/Triple_Shot_Powerup.prefab using Guid(9af80d62e0ea39944baea756f2cd65af) Importer(815301076,1909f56bfc062723c751e8b465ee728b) The Animator Controller (Triple_Shot_Powerup) you have used is not valid. Animations will not play
UnityEngine.StackTraceUtility:ExtractStackTrace ()
UnityEditor.EditorUtility:Internal_InstantiateRemoveAllNonAnimationComponentsSingle (UnityEngine.Object,UnityEngine.Vector3,UnityEngine.Quaternion)
UnityEditor.EditorUtility:InstantiateRemoveAllNonAnimationComponents (UnityEngine.Object,UnityEngine.Vector3,UnityEngine.Quaternion)
UnityEditor.EditorUtility:InstantiateForAnimatorPreview (UnityEngine.Object)
UnityEditor.GameObjectInspector/PreviewData:UpdateGameObject (UnityEngine.Object)
UnityEditor.GameObjectInspector/PreviewData:.ctor (UnityEngine.Object)
UnityEditor.GameObjectInspector:GetPreviewData ()
UnityEditor.GameObjectInspector:RenderStaticPreview (string,UnityEngine.Object[],int,int)
UnityEditor.AssetPreviewUpdater:CreatePreviewForAsset (UnityEngine.Object,UnityEngine.Object[],string)

[C:\buildslave\unity\build\Modules/Animation/Director/AnimatorControllerPlayable.cpp line 332]

The Animator Controller (Triple_Shot_Powerup) you have used is not valid. Animations will not play
UnityEngine.StackTraceUtility:ExtractStackTrace ()
UnityEditor.EditorUtility:InitInstantiatedPreviewRecursive (UnityEngine.GameObject)
UnityEditor.EditorUtility:InstantiateForAnimatorPreview (UnityEngine.Object)
UnityEditor.GameObjectInspector/PreviewData:UpdateGameObject (UnityEngine.Object)
UnityEditor.GameObjectInspector/PreviewData:.ctor (UnityEngine.Object)
UnityEditor.GameObjectInspector:GetPreviewData ()
UnityEditor.GameObjectInspector:RenderStaticPreview (string,UnityEngine.Object[],int,int)
UnityEditor.AssetPreviewUpdater:CreatePreviewForAsset (UnityEngine.Object,UnityEngine.Object[],string)

[C:\buildslave\unity\build\Modules/Animation/Director/AnimatorControllerPlayable.cpp line 332]

 -> (artifact id: 'c666dcd89643f297e8911b93eb4b7bd8') in 0.006265 seconds
  Import took 0.007838 seconds .

========================================================================
Received Prepare
Registering precompiled user dll's ...
Registered in 0.001079 seconds.
Begin MonoManager ReloadAssembly
Native extension for WindowsStandalone target not found
Refreshing native plugins compatible for Editor in 0.23 ms, found 0 plugins.
Preloading 0 native plugins for Editor in 0.00 ms.
Invoked RoslynAnalysisRunner static constructor.
RoslynAnalysisRunner will not be running.
RoslynAnalysisRunner has terminated.
Mono: successfully reloaded assembly
- Completed reload, in  0.601 seconds
Platform modules already initialized, skipping
Refreshing native plugins compatible for Editor in 0.22 ms, found 0 plugins.
Preloading 0 native plugins for Editor in 0.00 ms.
Unloading 1097 Unused Serialized files (Serialized files now loaded: 0)
System memory in use before: 62.2 MB.
System memory in use after: 62.0 MB.

Unloading 8 unused Assets to reduce memory usage. Loaded Objects now: 1645.
Total: 1.577100 ms (FindLiveObjects: 0.119600 ms CreateObjectMapping: 0.031500 ms MarkObjects: 1.237200 ms  DeleteObjects: 0.188100 ms)

========================================================================
Received Import Request.
  Time since last request: 95.997445 seconds.
  path: Assets/GameDevHQ/FileBase/Projects/Tutorials/Starter_Files/2D_Galaxy_Assets/Sprites/Power_Ups/Speed/Powerup1_0008_00000.psd
  artifactKey: Guid(5b8849e8703cd2a48856f693a7ce5940) Importer(815301076,1909f56bfc062723c751e8b465ee728b)
Start importing Assets/GameDevHQ/FileBase/Projects/Tutorials/Starter_Files/2D_Galaxy_Assets/Sprites/Power_Ups/Speed/Powerup1_0008_00000.psd using Guid(5b8849e8703cd2a48856f693a7ce5940) Importer(815301076,1909f56bfc062723c751e8b465ee728b)  -> (artifact id: 'f0712a88727ca9a5a9b7641d5301dd94') in 0.044659 seconds
  Import took 0.046268 seconds .

========================================================================
Received Import Request.
  Time since last request: 0.014514 seconds.
  path: Assets/GameDevHQ/FileBase/Projects/Tutorials/Starter_Files/2D_Galaxy_Assets/Sprites/Power_Ups/Speed/Powerup1_0008_00000.psd
  artifactKey: Guid(5b8849e8703cd2a48856f693a7ce5940) Importer(815301076,1909f56bfc062723c751e8b465ee728b)
Start importing Assets/GameDevHQ/FileBase/Projects/Tutorials/Starter_Files/2D_Galaxy_Assets/Sprites/Power_Ups/Speed/Powerup1_0008_00000.psd using Guid(5b8849e8703cd2a48856f693a7ce5940) Importer(815301076,1909f56bfc062723c751e8b465ee728b)  -> (artifact id: 'f0712a88727ca9a5a9b7641d5301dd94') in 0.008157 seconds
  Import took 0.009668 seconds .

========================================================================
Received Import Request.
  Time since last request: 240.713514 seconds.
  path: Assets/Prefabs/PowerUps/Speed_Powerup.prefab
  artifactKey: Guid(ffaf367eb980c0c4797fa63adef42e30) Importer(815301076,1909f56bfc062723c751e8b465ee728b)
Start importing Assets/Prefabs/PowerUps/Speed_Powerup.prefab using Guid(ffaf367eb980c0c4797fa63adef42e30) Importer(815301076,1909f56bfc062723c751e8b465ee728b)  -> (artifact id: 'b00662494369b27b45314c273e0594f7') in 0.026493 seconds
  Import took 0.028437 seconds .

========================================================================
Received Prepare
Registering precompiled user dll's ...
Registered in 0.001164 seconds.
Begin MonoManager ReloadAssembly
Native extension for WindowsStandalone target not found
Refreshing native plugins compatible for Editor in 0.22 ms, found 0 plugins.
Preloading 0 native plugins for Editor in 0.00 ms.
Invoked RoslynAnalysisRunner static constructor.
RoslynAnalysisRunner will not be running.
RoslynAnalysisRunner has terminated.
Mono: successfully reloaded assembly
- Completed reload, in  0.602 seconds
Platform modules already initialized, skipping
Refreshing native plugins compatible for Editor in 0.22 ms, found 0 plugins.
Preloading 0 native plugins for Editor in 0.00 ms.
Unloading 1097 Unused Serialized files (Serialized files now loaded: 0)
System memory in use before: 62.5 MB.
System memory in use after: 62.2 MB.

Unloading 8 unused Assets to reduce memory usage. Loaded Objects now: 1648.
Total: 1.536000 ms (FindLiveObjects: 0.112500 ms CreateObjectMapping: 0.032700 ms MarkObjects: 1.212800 ms  DeleteObjects: 0.177400 ms)

========================================================================
Received Import Request.
  Time since last request: 146.304218 seconds.
  path: Assets/Prefabs/PowerUps/Speed_Powerup.prefab
  artifactKey: Guid(ffaf367eb980c0c4797fa63adef42e30) Importer(815301076,1909f56bfc062723c751e8b465ee728b)
Start importing Assets/Prefabs/PowerUps/Speed_Powerup.prefab using Guid(ffaf367eb980c0c4797fa63adef42e30) Importer(815301076,1909f56bfc062723c751e8b465ee728b)  -> (artifact id: '991ace9b18bc512349e11b12b30353ba') in 0.042860 seconds
  Import took 0.044546 seconds .

========================================================================
Received Import Request.
  Time since last request: 0.029023 seconds.
  path: Assets/Prefabs/PowerUps/Speed_Powerup.prefab
  artifactKey: Guid(ffaf367eb980c0c4797fa63adef42e30) Importer(815301076,1909f56bfc062723c751e8b465ee728b)
Start importing Assets/Prefabs/PowerUps/Speed_Powerup.prefab using Guid(ffaf367eb980c0c4797fa63adef42e30) Importer(815301076,1909f56bfc062723c751e8b465ee728b)  -> (artifact id: '991ace9b18bc512349e11b12b30353ba') in 0.006413 seconds
  Import took 0.008022 seconds .

========================================================================
Received Import Request.
  Time since last request: 8.595700 seconds.
  path: Assets/Prefabs/PowerUps/Speed_Powerup.prefab
  artifactKey: Guid(ffaf367eb980c0c4797fa63adef42e30) Importer(815301076,1909f56bfc062723c751e8b465ee728b)
Start importing Assets/Prefabs/PowerUps/Speed_Powerup.prefab using Guid(ffaf367eb980c0c4797fa63adef42e30) Importer(815301076,1909f56bfc062723c751e8b465ee728b)  -> (artifact id: '1f6b9d861c8358a80a735c32ec63836d') in 0.006409 seconds
  Import took 0.007964 seconds .

========================================================================
Received Import Request.
  Time since last request: 1.026533 seconds.
  path: Assets/Prefabs/PowerUps/Triple_Shot_Powerup.prefab
  artifactKey: Guid(9af80d62e0ea39944baea756f2cd65af) Importer(815301076,1909f56bfc062723c751e8b465ee728b)
Start importing Assets/Prefabs/PowerUps/Triple_Shot_Powerup.prefab using Guid(9af80d62e0ea39944baea756f2cd65af) Importer(815301076,1909f56bfc062723c751e8b465ee728b) The Animator Controller (Triple_Shot_Powerup) you have used is not valid. Animations will not play
UnityEngine.StackTraceUtility:ExtractStackTrace ()
UnityEditor.EditorUtility:Internal_InstantiateRemoveAllNonAnimationComponentsSingle (UnityEngine.Object,UnityEngine.Vector3,UnityEngine.Quaternion)
UnityEditor.EditorUtility:InstantiateRemoveAllNonAnimationComponents (UnityEngine.Object,UnityEngine.Vector3,UnityEngine.Quaternion)
UnityEditor.EditorUtility:InstantiateForAnimatorPreview (UnityEngine.Object)
UnityEditor.GameObjectInspector/PreviewData:UpdateGameObject (UnityEngine.Object)
UnityEditor.GameObjectInspector/PreviewData:.ctor (UnityEngine.Object)
UnityEditor.GameObjectInspector:GetPreviewData ()
UnityEditor.GameObjectInspector:RenderStaticPreview (string,UnityEngine.Object[],int,int)
UnityEditor.AssetPreviewUpdater:CreatePreviewForAsset (UnityEngine.Object,UnityEngine.Object[],string)

[C:\buildslave\unity\build\Modules/Animation/Director/AnimatorControllerPlayable.cpp line 332]

The Animator Controller (Triple_Shot_Powerup) you have used is not valid. Animations will not play
UnityEngine.StackTraceUtility:ExtractStackTrace ()
UnityEditor.EditorUtility:InitInstantiatedPreviewRecursive (UnityEngine.GameObject)
UnityEditor.EditorUtility:InstantiateForAnimatorPreview (UnityEngine.Object)
UnityEditor.GameObjectInspector/PreviewData:UpdateGameObject (UnityEngine.Object)
UnityEditor.GameObjectInspector/PreviewData:.ctor (UnityEngine.Object)
UnityEditor.GameObjectInspector:GetPreviewData ()
UnityEditor.GameObjectInspector:RenderStaticPreview (string,UnityEngine.Object[],int,int)
UnityEditor.AssetPreviewUpdater:CreatePreviewForAsset (UnityEngine.Object,UnityEngine.Object[],string)

[C:\buildslave\unity\build\Modules/Animation/Director/AnimatorControllerPlayable.cpp line 332]

 -> (artifact id: '23a307e9beeb0a7019211df6b84eb2da') in 0.007324 seconds
  Import took 0.008864 seconds .

========================================================================
Received Prepare
Registering precompiled user dll's ...
Registered in 0.001373 seconds.
Begin MonoManager ReloadAssembly
Native extension for WindowsStandalone target not found
Refreshing native plugins compatible for Editor in 0.24 ms, found 0 plugins.
Preloading 0 native plugins for Editor in 0.00 ms.
Invoked RoslynAnalysisRunner static constructor.
RoslynAnalysisRunner will not be running.
RoslynAnalysisRunner has terminated.
Mono: successfully reloaded assembly
- Completed reload, in  0.680 seconds
Platform modules already initialized, skipping
Refreshing native plugins compatible for Editor in 0.24 ms, found 0 plugins.
Preloading 0 native plugins for Editor in 0.00 ms.
Unloading 1097 Unused Serialized files (Serialized files now loaded: 0)
System memory in use before: 62.7 MB.
System memory in use after: 62.4 MB.

Unloading 8 unused Assets to reduce memory usage. Loaded Objects now: 1651.
Total: 1.454400 ms (FindLiveObjects: 0.124900 ms CreateObjectMapping: 0.030600 ms MarkObjects: 1.111300 ms  DeleteObjects: 0.186800 ms)

AssetImportWorkerClient::OnTransportError - code=2 error=End of file
