Using pre-set license
Built from '2020.2/release' branch; Version is '2020.2.0f1 (3721df5a8b28) revision 3613151'; Using compiler version '192528614'; Build Type 'Release'
OS: 'Windows 10  (10.0.0) 64bit' Language: 'en' Physical Memory: 32568 MB
BatchMode: 1, IsHumanControllingUs: 0, StartBugReporterOnCrash: 0, Is64bit: 1, IsPro: 0

 COMMAND LINE ARGUMENTS:
C:\Program Files\Unity\Hub\Editor\2020.2.0f1\Editor\Unity.exe
-adb2
-batchMode
-noUpm
-name
AssetImportWorker0
-projectPath
D:/Repos/Gamedevhq/1 - 2d
-logFile
Logs/AssetImportWorker0.log
-srvPort
64483
Successfully changed project path to: D:/Repos/Gamedevhq/1 - 2d
D:/Repos/Gamedevhq/1 - 2d
Using Asset Import Pipeline V2.
Refreshing native plugins compatible for Editor in 22.12 ms, found 0 plugins.
Preloading 0 native plugins for Editor in 0.00 ms.
Initialize engine version: 2020.2.0f1 (3721df5a8b28)
[Subsystems] Discovering subsystems at path C:/Program Files/Unity/Hub/Editor/2020.2.0f1/Editor/Data/Resources/UnitySubsystems
[Subsystems] Discovering subsystems at path D:/Repos/Gamedevhq/1 - 2d/Assets
GfxDevice: creating device client; threaded=0
Direct3D:
    Version:  Direct3D 11.0 [level 11.1]
    Renderer: NVIDIA GeForce RTX 3080 (ID=0x2206)
    Vendor:   
    VRAM:     10078 MB
    Driver:   27.21.14.5638
Initialize mono
Mono path[0] = 'C:/Program Files/Unity/Hub/Editor/2020.2.0f1/Editor/Data/Managed'
Mono path[1] = 'C:/Program Files/Unity/Hub/Editor/2020.2.0f1/Editor/Data/MonoBleedingEdge/lib/mono/unityjit'
Mono config path = 'C:/Program Files/Unity/Hub/Editor/2020.2.0f1/Editor/Data/MonoBleedingEdge/etc'
Using monoOptions --debugger-agent=transport=dt_socket,embedding=1,server=y,suspend=n,address=127.0.0.1:56908
Begin MonoManager ReloadAssembly
Registering precompiled unity dll's ...
Register platform support module: C:/Program Files/Unity/Hub/Editor/2020.2.0f1/Editor/Data/PlaybackEngines/WindowsStandaloneSupport/UnityEditor.WindowsStandalone.Extensions.dll
Registered in 0.002381 seconds.
Native extension for WindowsStandalone target not found
Refreshing native plugins compatible for Editor in 28.01 ms, found 0 plugins.
Preloading 0 native plugins for Editor in 0.00 ms.
Invoked RoslynAnalysisRunner static constructor.
RoslynAnalysisRunner will not be running.
RoslynAnalysisRunner has terminated.
Mono: successfully reloaded assembly
- Completed reload, in  2.710 seconds
Platform modules already initialized, skipping
Registering precompiled user dll's ...
Registered in 0.001118 seconds.
Begin MonoManager ReloadAssembly
Native extension for WindowsStandalone target not found
Refreshing native plugins compatible for Editor in 0.23 ms, found 0 plugins.
Preloading 0 native plugins for Editor in 0.00 ms.
Invoked RoslynAnalysisRunner static constructor.
RoslynAnalysisRunner will not be running.
RoslynAnalysisRunner has terminated.
Mono: successfully reloaded assembly
- Completed reload, in  0.678 seconds
Platform modules already initialized, skipping
========================================================================
Worker process is ready to serve import requests
Launched and connected shader compiler UnityShaderCompiler.exe after 0.15 seconds
Refreshing native plugins compatible for Editor in 0.24 ms, found 0 plugins.
Preloading 0 native plugins for Editor in 0.00 ms.
Unloading 1104 Unused Serialized files (Serialized files now loaded: 0)
System memory in use before: 57.4 MB.
System memory in use after: 57.5 MB.

Unloading 12 unused Assets to reduce memory usage. Loaded Objects now: 1546.
Total: 1.388500 ms (FindLiveObjects: 0.141400 ms CreateObjectMapping: 0.046600 ms MarkObjects: 1.146800 ms  DeleteObjects: 0.052500 ms)

========================================================================
Received Import Request.
  path: Assets/Scripts/GameManager.cs
  artifactKey: Guid(f976d1587675672418a6bfdbfa0baae5) Importer(815301076,1909f56bfc062723c751e8b465ee728b)
Start importing Assets/Scripts/GameManager.cs using Guid(f976d1587675672418a6bfdbfa0baae5) Importer(815301076,1909f56bfc062723c751e8b465ee728b)  -> (artifact id: '474e7e1961d3da81cc5575033f62c895') in 0.037525 seconds
  Import took 0.059664 seconds .

========================================================================
Received Prepare
Registering precompiled user dll's ...
Registered in 0.001061 seconds.
Begin MonoManager ReloadAssembly
Native extension for WindowsStandalone target not found
Refreshing native plugins compatible for Editor in 0.27 ms, found 0 plugins.
Preloading 0 native plugins for Editor in 0.00 ms.
Invoked RoslynAnalysisRunner static constructor.
RoslynAnalysisRunner will not be running.
RoslynAnalysisRunner has terminated.
Mono: successfully reloaded assembly
- Completed reload, in  0.616 seconds
Platform modules already initialized, skipping
Refreshing native plugins compatible for Editor in 0.29 ms, found 0 plugins.
Preloading 0 native plugins for Editor in 0.00 ms.
Unloading 1098 Unused Serialized files (Serialized files now loaded: 0)
System memory in use before: 57.5 MB.
System memory in use after: 57.6 MB.

Unloading 7 unused Assets to reduce memory usage. Loaded Objects now: 1548.
Total: 1.433300 ms (FindLiveObjects: 0.141500 ms CreateObjectMapping: 0.042900 ms MarkObjects: 1.205900 ms  DeleteObjects: 0.041900 ms)

========================================================================
Received Prepare
Registering precompiled user dll's ...
Registered in 0.001042 seconds.
Begin MonoManager ReloadAssembly
Native extension for WindowsStandalone target not found
Refreshing native plugins compatible for Editor in 0.23 ms, found 0 plugins.
Preloading 0 native plugins for Editor in 0.00 ms.
Invoked RoslynAnalysisRunner static constructor.
RoslynAnalysisRunner will not be running.
RoslynAnalysisRunner has terminated.
Mono: successfully reloaded assembly
- Completed reload, in  0.629 seconds
Platform modules already initialized, skipping
Refreshing native plugins compatible for Editor in 0.24 ms, found 0 plugins.
Preloading 0 native plugins for Editor in 0.00 ms.
Unloading 1098 Unused Serialized files (Serialized files now loaded: 0)
System memory in use before: 57.8 MB.
System memory in use after: 57.9 MB.

Unloading 7 unused Assets to reduce memory usage. Loaded Objects now: 1550.
Total: 1.488800 ms (FindLiveObjects: 0.282300 ms CreateObjectMapping: 0.083600 ms MarkObjects: 1.087100 ms  DeleteObjects: 0.035100 ms)

========================================================================
Received Prepare
Registering precompiled user dll's ...
Registered in 0.001089 seconds.
Begin MonoManager ReloadAssembly
Native extension for WindowsStandalone target not found
Refreshing native plugins compatible for Editor in 0.23 ms, found 0 plugins.
Preloading 0 native plugins for Editor in 0.00 ms.
Invoked RoslynAnalysisRunner static constructor.
RoslynAnalysisRunner will not be running.
RoslynAnalysisRunner has terminated.
Mono: successfully reloaded assembly
- Completed reload, in  0.610 seconds
Platform modules already initialized, skipping
Refreshing native plugins compatible for Editor in 0.21 ms, found 0 plugins.
Preloading 0 native plugins for Editor in 0.00 ms.
Unloading 1098 Unused Serialized files (Serialized files now loaded: 0)
System memory in use before: 58.1 MB.
System memory in use after: 58.1 MB.

Unloading 7 unused Assets to reduce memory usage. Loaded Objects now: 1552.
Total: 1.311100 ms (FindLiveObjects: 0.130400 ms CreateObjectMapping: 0.035200 ms MarkObjects: 1.107200 ms  DeleteObjects: 0.037400 ms)

========================================================================
Received Prepare
Registering precompiled user dll's ...
Registered in 0.001200 seconds.
Begin MonoManager ReloadAssembly
Native extension for WindowsStandalone target not found
Refreshing native plugins compatible for Editor in 0.26 ms, found 0 plugins.
Preloading 0 native plugins for Editor in 0.00 ms.
Invoked RoslynAnalysisRunner static constructor.
RoslynAnalysisRunner will not be running.
RoslynAnalysisRunner has terminated.
Mono: successfully reloaded assembly
- Completed reload, in  0.710 seconds
Platform modules already initialized, skipping
Refreshing native plugins compatible for Editor in 0.28 ms, found 0 plugins.
Preloading 0 native plugins for Editor in 0.00 ms.
Unloading 1098 Unused Serialized files (Serialized files now loaded: 0)
System memory in use before: 58.3 MB.
System memory in use after: 58.4 MB.

Unloading 7 unused Assets to reduce memory usage. Loaded Objects now: 1554.
Total: 1.313700 ms (FindLiveObjects: 0.134200 ms CreateObjectMapping: 0.040300 ms MarkObjects: 1.099400 ms  DeleteObjects: 0.038700 ms)

========================================================================
Received Import Request.
  Time since last request: 88581.958939 seconds.
  path: Assets/Scripts/MainMenu
  artifactKey: Guid(6d4ed491c1429954682f4031a89be427) Importer(815301076,1909f56bfc062723c751e8b465ee728b)
Start importing Assets/Scripts/MainMenu using Guid(6d4ed491c1429954682f4031a89be427) Importer(815301076,1909f56bfc062723c751e8b465ee728b)  -> (artifact id: '5269cf6e475d0dcbcdee5089c828794a') in 0.002844 seconds
  Import took 0.041789 seconds .

========================================================================
Received Import Request.
  Time since last request: 13.053828 seconds.
  path: Assets/Scripts/MainMenu/MainMenu.cs
  artifactKey: Guid(92c9616dc16a16f42a248ca61e40575f) Importer(815301076,1909f56bfc062723c751e8b465ee728b)
Start importing Assets/Scripts/MainMenu/MainMenu.cs using Guid(92c9616dc16a16f42a248ca61e40575f) Importer(815301076,1909f56bfc062723c751e8b465ee728b)  -> (artifact id: '651e756eff1bf8604332f55feec5a361') in 0.001341 seconds
  Import took 0.012360 seconds .

========================================================================
Received Prepare
Registering precompiled user dll's ...
Registered in 0.001009 seconds.
Begin MonoManager ReloadAssembly
Native extension for WindowsStandalone target not found
Refreshing native plugins compatible for Editor in 0.47 ms, found 0 plugins.
Preloading 0 native plugins for Editor in 0.00 ms.
Invoked RoslynAnalysisRunner static constructor.
RoslynAnalysisRunner will not be running.
RoslynAnalysisRunner has terminated.
Mono: successfully reloaded assembly
- Completed reload, in  0.678 seconds
Platform modules already initialized, skipping
Refreshing native plugins compatible for Editor in 0.24 ms, found 0 plugins.
Preloading 0 native plugins for Editor in 0.00 ms.
Unloading 1099 Unused Serialized files (Serialized files now loaded: 0)
System memory in use before: 58.6 MB.
System memory in use after: 58.7 MB.

Unloading 7 unused Assets to reduce memory usage. Loaded Objects now: 1557.
Total: 1.362000 ms (FindLiveObjects: 0.169500 ms CreateObjectMapping: 0.053800 ms MarkObjects: 1.096700 ms  DeleteObjects: 0.040700 ms)

========================================================================
Received Prepare
Registering precompiled user dll's ...
Registered in 0.001139 seconds.
Begin MonoManager ReloadAssembly
Native extension for WindowsStandalone target not found
Refreshing native plugins compatible for Editor in 0.24 ms, found 0 plugins.
Preloading 0 native plugins for Editor in 0.00 ms.
Invoked RoslynAnalysisRunner static constructor.
RoslynAnalysisRunner will not be running.
RoslynAnalysisRunner has terminated.
Mono: successfully reloaded assembly
- Completed reload, in  0.619 seconds
Platform modules already initialized, skipping
Refreshing native plugins compatible for Editor in 0.22 ms, found 0 plugins.
Preloading 0 native plugins for Editor in 0.00 ms.
Unloading 1099 Unused Serialized files (Serialized files now loaded: 0)
System memory in use before: 58.9 MB.
System memory in use after: 58.9 MB.

Unloading 7 unused Assets to reduce memory usage. Loaded Objects now: 1559.
Total: 1.559300 ms (FindLiveObjects: 0.111700 ms CreateObjectMapping: 0.034300 ms MarkObjects: 1.368600 ms  DeleteObjects: 0.043300 ms)

========================================================================
Received Import Request.
  Time since last request: 208.618140 seconds.
  path: Assets/GameDevHQ/FileBase/Plugin/Sprites/ad_challenges_3.png
  artifactKey: Guid(91ce672c492656d4fa0b0665a59259a9) Importer(815301076,1909f56bfc062723c751e8b465ee728b)
Start importing Assets/GameDevHQ/FileBase/Plugin/Sprites/ad_challenges_3.png using Guid(91ce672c492656d4fa0b0665a59259a9) Importer(815301076,1909f56bfc062723c751e8b465ee728b)  -> (artifact id: 'a430f0777eddba2b52fdb7cdec272bf2') in 0.230719 seconds
  Import took 0.296296 seconds .

========================================================================
Received Import Request.
  Time since last request: 0.000215 seconds.
  path: Assets/GameDevHQ/FileBase/Plugin/Sprites/arrow.png
  artifactKey: Guid(40ee96d6f43189441ba14c5c0e779437) Importer(815301076,1909f56bfc062723c751e8b465ee728b)
Start importing Assets/GameDevHQ/FileBase/Plugin/Sprites/arrow.png using Guid(40ee96d6f43189441ba14c5c0e779437) Importer(815301076,1909f56bfc062723c751e8b465ee728b)  -> (artifact id: 'b2ccb0d559571e478e90abeb75fbf204') in 0.029037 seconds
  Import took 0.106202 seconds .

========================================================================
Received Import Request.
  Time since last request: 0.000252 seconds.
  path: Assets/GameDevHQ/FileBase/Plugin/Sprites/ad_workshopsummit.png
  artifactKey: Guid(c9c4d5fc21e1a3c4dae90051b50b99cf) Importer(815301076,1909f56bfc062723c751e8b465ee728b)
Start importing Assets/GameDevHQ/FileBase/Plugin/Sprites/ad_workshopsummit.png using Guid(c9c4d5fc21e1a3c4dae90051b50b99cf) Importer(815301076,1909f56bfc062723c751e8b465ee728b)  -> (artifact id: 'a2e43089c9bae80253bc6924c01107d6') in 0.012478 seconds
  Import took 0.013964 seconds .

========================================================================
Received Import Request.
  Time since last request: 0.000133 seconds.
  path: Assets/GameDevHQ/FileBase/Plugin/Sprites/ad_zombie_3.png
  artifactKey: Guid(77b75e09ed480bb4381750d86c0faf5e) Importer(815301076,1909f56bfc062723c751e8b465ee728b)
Start importing Assets/GameDevHQ/FileBase/Plugin/Sprites/ad_zombie_3.png using Guid(77b75e09ed480bb4381750d86c0faf5e) Importer(815301076,1909f56bfc062723c751e8b465ee728b)  -> (artifact id: '34c7fab433f8ed658e4200502da74828') in 0.030837 seconds
  Import took 0.041465 seconds .

========================================================================
Received Import Request.
  Time since last request: 0.000165 seconds.
  path: Assets/GameDevHQ/FileBase/Projects/Tutorials/Starter_Files/2D_Galaxy_Assets/Sprites/Asteroid.png
  artifactKey: Guid(6691643d9d08ede40bc93504dc8acb2e) Importer(815301076,1909f56bfc062723c751e8b465ee728b)
Start importing Assets/GameDevHQ/FileBase/Projects/Tutorials/Starter_Files/2D_Galaxy_Assets/Sprites/Asteroid.png using Guid(6691643d9d08ede40bc93504dc8acb2e) Importer(815301076,1909f56bfc062723c751e8b465ee728b)  -> (artifact id: '7cfe0e8ed05a9e0f43ba455182b3ced7') in 0.034742 seconds
  Import took 0.042793 seconds .

========================================================================
Received Import Request.
  Time since last request: 0.000146 seconds.
  path: Assets/GameDevHQ/FileBase/Plugin/Sprites/ad_workshopsummit_3.png
  artifactKey: Guid(f48c63de5dcafa44db4c04133f785643) Importer(815301076,1909f56bfc062723c751e8b465ee728b)
Start importing Assets/GameDevHQ/FileBase/Plugin/Sprites/ad_workshopsummit_3.png using Guid(f48c63de5dcafa44db4c04133f785643) Importer(815301076,1909f56bfc062723c751e8b465ee728b)  -> (artifact id: 'efecb79b22ad5d73cbda7f379c38351f') in 0.006154 seconds
  Import took 0.008706 seconds .

========================================================================
Received Import Request.
  Time since last request: 0.000159 seconds.
  path: Assets/GameDevHQ/FileBase/Plugin/Sprites/ad_challengeyourself.jpg
  artifactKey: Guid(6a2907c974c259e468055cb9572aedf8) Importer(815301076,1909f56bfc062723c751e8b465ee728b)
Start importing Assets/GameDevHQ/FileBase/Plugin/Sprites/ad_challengeyourself.jpg using Guid(6a2907c974c259e468055cb9572aedf8) Importer(815301076,1909f56bfc062723c751e8b465ee728b)  -> (artifact id: '3230e59001b4ee19b5b5e8fcd6d6d991') in 0.021293 seconds
  Import took 0.023171 seconds .

========================================================================
Received Import Request.
  Time since last request: 0.000124 seconds.
  path: Assets/GameDevHQ/FileBase/Plugin/Sprites/button.png
  artifactKey: Guid(6bc45697c7d20ad42b1737cf0ffabb94) Importer(815301076,1909f56bfc062723c751e8b465ee728b)
Start importing Assets/GameDevHQ/FileBase/Plugin/Sprites/button.png using Guid(6bc45697c7d20ad42b1737cf0ffabb94) Importer(815301076,1909f56bfc062723c751e8b465ee728b)  -> (artifact id: '7d481e255b9fdf732fa4a34203033e3c') in 0.005578 seconds
  Import took 0.007391 seconds .

========================================================================
Received Import Request.
  Time since last request: 0.000145 seconds.
  path: Assets/GameDevHQ/FileBase/Plugin/Sprites/ad_challengeyourself.jpg
  artifactKey: Guid(6a2907c974c259e468055cb9572aedf8) Importer(815301076,1909f56bfc062723c751e8b465ee728b)
Start importing Assets/GameDevHQ/FileBase/Plugin/Sprites/ad_challengeyourself.jpg using Guid(6a2907c974c259e468055cb9572aedf8) Importer(815301076,1909f56bfc062723c751e8b465ee728b)  -> (artifact id: '3230e59001b4ee19b5b5e8fcd6d6d991') in 0.006057 seconds
  Import took 0.007936 seconds .

========================================================================
Received Import Request.
  Time since last request: 0.000127 seconds.
  path: Assets/GameDevHQ/FileBase/Plugin/Sprites/ad_zombie.png
  artifactKey: Guid(7ad0c34f49cd86f48b67f7788858451f) Importer(815301076,1909f56bfc062723c751e8b465ee728b)
Start importing Assets/GameDevHQ/FileBase/Plugin/Sprites/ad_zombie.png using Guid(7ad0c34f49cd86f48b67f7788858451f) Importer(815301076,1909f56bfc062723c751e8b465ee728b)  -> (artifact id: 'da28ba98ec29c49ca9987c5216fda115') in 0.007229 seconds
  Import took 0.009237 seconds .

========================================================================
Received Prepare
Registering precompiled user dll's ...
Registered in 0.001072 seconds.
Begin MonoManager ReloadAssembly
Native extension for WindowsStandalone target not found
Refreshing native plugins compatible for Editor in 0.27 ms, found 0 plugins.
Preloading 0 native plugins for Editor in 0.00 ms.
Invoked RoslynAnalysisRunner static constructor.
RoslynAnalysisRunner will not be running.
RoslynAnalysisRunner has terminated.
Mono: successfully reloaded assembly
- Completed reload, in  0.617 seconds
Platform modules already initialized, skipping
Refreshing native plugins compatible for Editor in 0.24 ms, found 0 plugins.
Preloading 0 native plugins for Editor in 0.00 ms.
Unloading 1099 Unused Serialized files (Serialized files now loaded: 0)
System memory in use before: 62.2 MB.
System memory in use after: 62.3 MB.

Unloading 7 unused Assets to reduce memory usage. Loaded Objects now: 1579.
Total: 1.325200 ms (FindLiveObjects: 0.131900 ms CreateObjectMapping: 0.037600 ms MarkObjects: 1.118300 ms  DeleteObjects: 0.036300 ms)

========================================================================
Received Prepare
Registering precompiled user dll's ...
Registered in 0.001100 seconds.
Begin MonoManager ReloadAssembly
Native extension for WindowsStandalone target not found
Refreshing native plugins compatible for Editor in 0.24 ms, found 0 plugins.
Preloading 0 native plugins for Editor in 0.00 ms.
Invoked RoslynAnalysisRunner static constructor.
RoslynAnalysisRunner will not be running.
RoslynAnalysisRunner has terminated.
Mono: successfully reloaded assembly
- Completed reload, in  0.615 seconds
Platform modules already initialized, skipping
Refreshing native plugins compatible for Editor in 0.22 ms, found 0 plugins.
Preloading 0 native plugins for Editor in 0.00 ms.
Unloading 1099 Unused Serialized files (Serialized files now loaded: 0)
System memory in use before: 61.5 MB.
System memory in use after: 61.6 MB.

Unloading 7 unused Assets to reduce memory usage. Loaded Objects now: 1581.
Total: 1.477000 ms (FindLiveObjects: 0.158600 ms CreateObjectMapping: 0.039700 ms MarkObjects: 1.242000 ms  DeleteObjects: 0.035900 ms)

========================================================================
Received Import Request.
  Time since last request: 81578.033361 seconds.
  path: Assets/Scenes/SampleScene.unity
  artifactKey: Guid(9fc0d4010bbf28b4594072e72b8655ab) Importer(815301076,1909f56bfc062723c751e8b465ee728b)
Start importing Assets/Scenes/SampleScene.unity using Guid(9fc0d4010bbf28b4594072e72b8655ab) Importer(815301076,1909f56bfc062723c751e8b465ee728b)  -> (artifact id: '1c2198f6ceda8dac77e009759af188f4') in 0.199266 seconds
  Import took 0.260521 seconds .

========================================================================
Received Import Request.
  Time since last request: 44.544711 seconds.
  path: Assets/Prefabs/Enemy/Enemy.prefab
  artifactKey: Guid(84b6dea5fdf548d4bacf80e972bbf533) Importer(815301076,1909f56bfc062723c751e8b465ee728b)
Start importing Assets/Prefabs/Enemy/Enemy.prefab using Guid(84b6dea5fdf548d4bacf80e972bbf533) Importer(815301076,1909f56bfc062723c751e8b465ee728b)  -> (artifact id: '7207e9041486dd6309fa1a9dab2a9c39') in 0.111367 seconds
  Import took 0.113358 seconds .

========================================================================
Received Import Request.
  Time since last request: 1506.902216 seconds.
  path: Assets/GameDevHQ/FileBase/Projects/Tutorials/Starter_Files/2D_Galaxy_Assets/Sprites/Enemy_Explode_Sequence/EnemyTurnLeft0000_00000.png
  artifactKey: Guid(3154912113cbb4a498df6f571c74e18c) Importer(815301076,1909f56bfc062723c751e8b465ee728b)
Start importing Assets/GameDevHQ/FileBase/Projects/Tutorials/Starter_Files/2D_Galaxy_Assets/Sprites/Enemy_Explode_Sequence/EnemyTurnLeft0000_00000.png using Guid(3154912113cbb4a498df6f571c74e18c) Importer(815301076,1909f56bfc062723c751e8b465ee728b)  -> (artifact id: 'aec72727422d8cf0e99456c7bf56935f') in 0.466348 seconds
  Import took 0.468909 seconds .

========================================================================
Received Import Request.
  Time since last request: 91.890957 seconds.
  path: Assets/Animations
  artifactKey: Guid(ef46f7e9674fcb344a22d973a7147985) Importer(815301076,1909f56bfc062723c751e8b465ee728b)
Start importing Assets/Animations using Guid(ef46f7e9674fcb344a22d973a7147985) Importer(815301076,1909f56bfc062723c751e8b465ee728b)  -> (artifact id: '3f71aedae67268cac70216abbb8d5f02') in 0.029135 seconds
  Import took 0.030894 seconds .

========================================================================
Received Import Request.
  Time since last request: 4.496801 seconds.
  path: Assets/Animations/Triple_Shot_Powerup.controller
  artifactKey: Guid(402678d4a76a20c4d91bf10d74b68f95) Importer(815301076,1909f56bfc062723c751e8b465ee728b)
Start importing Assets/Animations/Triple_Shot_Powerup.controller using Guid(402678d4a76a20c4d91bf10d74b68f95) Importer(815301076,1909f56bfc062723c751e8b465ee728b)  -> (artifact id: '0e452fdac7df803176937b681bce10ea') in 0.020487 seconds
  Import took 0.022023 seconds .

========================================================================
Received Import Request.
  Time since last request: 0.921009 seconds.
  path: Assets/Animations/Triple_shot_powerup_anim.anim
  artifactKey: Guid(f8d9e9645b2d6a342b0d76af0ce78a6c) Importer(815301076,1909f56bfc062723c751e8b465ee728b)
Start importing Assets/Animations/Triple_shot_powerup_anim.anim using Guid(f8d9e9645b2d6a342b0d76af0ce78a6c) Importer(815301076,1909f56bfc062723c751e8b465ee728b)  -> (artifact id: '847fb34594c6d0e5c40bbb674b2364be') in 0.008178 seconds
  Import took 0.009660 seconds .

========================================================================
Received Import Request.
  Time since last request: 0.000634 seconds.
  path: Assets/Animations/Triple_shot_powerup_anim.anim
  artifactKey: Guid(f8d9e9645b2d6a342b0d76af0ce78a6c) Importer(815301076,1909f56bfc062723c751e8b465ee728b)
Start importing Assets/Animations/Triple_shot_powerup_anim.anim using Guid(f8d9e9645b2d6a342b0d76af0ce78a6c) Importer(815301076,1909f56bfc062723c751e8b465ee728b)  -> (artifact id: '847fb34594c6d0e5c40bbb674b2364be') in 0.001394 seconds
  Import took 0.013290 seconds .

========================================================================
Received Import Request.
  Time since last request: 39.231696 seconds.
  path: Assets/Prefabs/Enemy/Enemy.prefab
  artifactKey: Guid(84b6dea5fdf548d4bacf80e972bbf533) Importer(815301076,1909f56bfc062723c751e8b465ee728b)
Start importing Assets/Prefabs/Enemy/Enemy.prefab using Guid(84b6dea5fdf548d4bacf80e972bbf533) Importer(815301076,1909f56bfc062723c751e8b465ee728b) The Animator Controller (Enemy) you have used is not valid. Animations will not play
UnityEngine.StackTraceUtility:ExtractStackTrace ()
UnityEditor.EditorUtility:Internal_InstantiateRemoveAllNonAnimationComponentsSingle (UnityEngine.Object,UnityEngine.Vector3,UnityEngine.Quaternion)
UnityEditor.EditorUtility:InstantiateRemoveAllNonAnimationComponents (UnityEngine.Object,UnityEngine.Vector3,UnityEngine.Quaternion)
UnityEditor.EditorUtility:InstantiateForAnimatorPreview (UnityEngine.Object)
UnityEditor.GameObjectInspector/PreviewData:UpdateGameObject (UnityEngine.Object)
UnityEditor.GameObjectInspector/PreviewData:.ctor (UnityEngine.Object)
UnityEditor.GameObjectInspector:GetPreviewData ()
UnityEditor.GameObjectInspector:RenderStaticPreview (string,UnityEngine.Object[],int,int)
UnityEditor.AssetPreviewUpdater:CreatePreviewForAsset (UnityEngine.Object,UnityEngine.Object[],string)

[C:\buildslave\unity\build\Modules/Animation/Director/AnimatorControllerPlayable.cpp line 332]

The Animator Controller (Enemy) you have used is not valid. Animations will not play
UnityEngine.StackTraceUtility:ExtractStackTrace ()
UnityEditor.EditorUtility:InitInstantiatedPreviewRecursive (UnityEngine.GameObject)
UnityEditor.EditorUtility:InstantiateForAnimatorPreview (UnityEngine.Object)
UnityEditor.GameObjectInspector/PreviewData:UpdateGameObject (UnityEngine.Object)
UnityEditor.GameObjectInspector/PreviewData:.ctor (UnityEngine.Object)
UnityEditor.GameObjectInspector:GetPreviewData ()
UnityEditor.GameObjectInspector:RenderStaticPreview (string,UnityEngine.Object[],int,int)
UnityEditor.AssetPreviewUpdater:CreatePreviewForAsset (UnityEngine.Object,UnityEngine.Object[],string)

[C:\buildslave\unity\build\Modules/Animation/Director/AnimatorControllerPlayable.cpp line 332]

 -> (artifact id: '0ed785e78e484e0ccb47ce05c39ea128') in 0.012069 seconds
  Import took 0.013618 seconds .

========================================================================
Received Import Request.
  Time since last request: 23.871621 seconds.
  path: Assets/Enemy_Destroyed_anim.anim
  artifactKey: Guid(1aab735ea5c84804bbbf414977b323da) Importer(815301076,1909f56bfc062723c751e8b465ee728b)
Start importing Assets/Enemy_Destroyed_anim.anim using Guid(1aab735ea5c84804bbbf414977b323da) Importer(815301076,1909f56bfc062723c751e8b465ee728b)  -> (artifact id: 'a2a10ca2080901d423bcc45435ffc178') in 0.002092 seconds
  Import took 0.017485 seconds .

========================================================================
Received Import Request.
  Time since last request: 13.234782 seconds.
  path: Assets/Enemy.controller
  artifactKey: Guid(2d7de4bd6fadf6c47925f48d7a9afdea) Importer(815301076,1909f56bfc062723c751e8b465ee728b)
Start importing Assets/Enemy.controller using Guid(2d7de4bd6fadf6c47925f48d7a9afdea) Importer(815301076,1909f56bfc062723c751e8b465ee728b)  -> (artifact id: '172598b7a36d3a5118819b30b6596e4e') in 0.001550 seconds
  Import took 0.013042 seconds .

========================================================================
Received Import Request.
  Time since last request: 226.717271 seconds.
  path: Assets/Animations/Enemy_Destroyed_anim.anim
  artifactKey: Guid(779796db54902ca44afc392106097441) Importer(815301076,1909f56bfc062723c751e8b465ee728b)
Start importing Assets/Animations/Enemy_Destroyed_anim.anim using Guid(779796db54902ca44afc392106097441) Importer(815301076,1909f56bfc062723c751e8b465ee728b)  -> (artifact id: '4cce36611cbf869f5ee4e58b2da2e5ec') in 0.001753 seconds
  Import took 0.003477 seconds .

========================================================================
Received Prepare
Registering precompiled user dll's ...
Registered in 0.001084 seconds.
Begin MonoManager ReloadAssembly
Native extension for WindowsStandalone target not found
Refreshing native plugins compatible for Editor in 0.24 ms, found 0 plugins.
Preloading 0 native plugins for Editor in 0.00 ms.
Invoked RoslynAnalysisRunner static constructor.
RoslynAnalysisRunner will not be running.
RoslynAnalysisRunner has terminated.
Mono: successfully reloaded assembly
- Completed reload, in  0.665 seconds
Platform modules already initialized, skipping
Refreshing native plugins compatible for Editor in 0.24 ms, found 0 plugins.
Preloading 0 native plugins for Editor in 0.00 ms.
Unloading 1099 Unused Serialized files (Serialized files now loaded: 0)
System memory in use before: 61.9 MB.
System memory in use after: 62.0 MB.

Unloading 7 unused Assets to reduce memory usage. Loaded Objects now: 1587.
Total: 1.416600 ms (FindLiveObjects: 0.180700 ms CreateObjectMapping: 0.061100 ms MarkObjects: 1.136700 ms  DeleteObjects: 0.036700 ms)

========================================================================
Received Import Request.
  Time since last request: 124.843791 seconds.
  path: Assets/Animations/Enemy.controller
  artifactKey: Guid(15488ae268f7e9f46a2f4de32b80dded) Importer(815301076,1909f56bfc062723c751e8b465ee728b)
Start importing Assets/Animations/Enemy.controller using Guid(15488ae268f7e9f46a2f4de32b80dded) Importer(815301076,1909f56bfc062723c751e8b465ee728b)  -> (artifact id: '76bb76c202541955c8a1bf5c6f364e1a') in 0.009510 seconds
  Import took 0.025335 seconds .

========================================================================
Received Import Request.
  Time since last request: 113.356313 seconds.
  path: Assets/Prefabs/Enemy/Enemy.prefab
  artifactKey: Guid(84b6dea5fdf548d4bacf80e972bbf533) Importer(815301076,1909f56bfc062723c751e8b465ee728b)
Start importing Assets/Prefabs/Enemy/Enemy.prefab using Guid(84b6dea5fdf548d4bacf80e972bbf533) Importer(815301076,1909f56bfc062723c751e8b465ee728b)  -> (artifact id: '875b9b623c46ff5d55b93572da108d48') in 0.036259 seconds
  Import took 0.037898 seconds .

========================================================================
Received Import Request.
  Time since last request: 97.082093 seconds.
  path: Assets/Animations/Enemy.controller
  artifactKey: Guid(15488ae268f7e9f46a2f4de32b80dded) Importer(815301076,1909f56bfc062723c751e8b465ee728b)
Start importing Assets/Animations/Enemy.controller using Guid(15488ae268f7e9f46a2f4de32b80dded) Importer(815301076,1909f56bfc062723c751e8b465ee728b)  -> (artifact id: '6473ba36e7e9c9a5042922273d26dacf') in 0.001687 seconds
  Import took 0.023603 seconds .

========================================================================
Received Import Request.
  Time since last request: 2.699735 seconds.
  path: Assets/Animations/Enemy_Destroyed_anim.anim
  artifactKey: Guid(779796db54902ca44afc392106097441) Importer(815301076,1909f56bfc062723c751e8b465ee728b)
Start importing Assets/Animations/Enemy_Destroyed_anim.anim using Guid(779796db54902ca44afc392106097441) Importer(815301076,1909f56bfc062723c751e8b465ee728b)  -> (artifact id: 'b017f3281832a6393f52285e9121714c') in 0.002363 seconds
  Import took 0.004206 seconds .

========================================================================
Received Import Request.
  Time since last request: 29.380391 seconds.
  path: Assets/Prefabs/Enemy/Enemy.prefab
  artifactKey: Guid(84b6dea5fdf548d4bacf80e972bbf533) Importer(815301076,1909f56bfc062723c751e8b465ee728b)
Start importing Assets/Prefabs/Enemy/Enemy.prefab using Guid(84b6dea5fdf548d4bacf80e972bbf533) Importer(815301076,1909f56bfc062723c751e8b465ee728b) The Animator Controller (Enemy) you have used is not valid. Animations will not play
UnityEngine.StackTraceUtility:ExtractStackTrace ()
UnityEditor.EditorUtility:Internal_InstantiateRemoveAllNonAnimationComponentsSingle (UnityEngine.Object,UnityEngine.Vector3,UnityEngine.Quaternion)
UnityEditor.EditorUtility:InstantiateRemoveAllNonAnimationComponents (UnityEngine.Object,UnityEngine.Vector3,UnityEngine.Quaternion)
UnityEditor.EditorUtility:InstantiateForAnimatorPreview (UnityEngine.Object)
UnityEditor.GameObjectInspector/PreviewData:UpdateGameObject (UnityEngine.Object)
UnityEditor.GameObjectInspector/PreviewData:.ctor (UnityEngine.Object)
UnityEditor.GameObjectInspector:GetPreviewData ()
UnityEditor.GameObjectInspector:RenderStaticPreview (string,UnityEngine.Object[],int,int)
UnityEditor.AssetPreviewUpdater:CreatePreviewForAsset (UnityEngine.Object,UnityEngine.Object[],string)

[C:\buildslave\unity\build\Modules/Animation/Director/AnimatorControllerPlayable.cpp line 332]

The Animator Controller (Enemy) you have used is not valid. Animations will not play
UnityEngine.StackTraceUtility:ExtractStackTrace ()
UnityEditor.EditorUtility:InitInstantiatedPreviewRecursive (UnityEngine.GameObject)
UnityEditor.EditorUtility:InstantiateForAnimatorPreview (UnityEngine.Object)
UnityEditor.GameObjectInspector/PreviewData:UpdateGameObject (UnityEngine.Object)
UnityEditor.GameObjectInspector/PreviewData:.ctor (UnityEngine.Object)
UnityEditor.GameObjectInspector:GetPreviewData ()
UnityEditor.GameObjectInspector:RenderStaticPreview (string,UnityEngine.Object[],int,int)
UnityEditor.AssetPreviewUpdater:CreatePreviewForAsset (UnityEngine.Object,UnityEngine.Object[],string)

[C:\buildslave\unity\build\Modules/Animation/Director/AnimatorControllerPlayable.cpp line 332]

 -> (artifact id: '77f66b25297a06af1df38760967f0726') in 0.013059 seconds
  Import took 0.014831 seconds .

========================================================================
Received Prepare
Registering precompiled user dll's ...
Registered in 0.000981 seconds.
Begin MonoManager ReloadAssembly
Native extension for WindowsStandalone target not found
Refreshing native plugins compatible for Editor in 0.22 ms, found 0 plugins.
Preloading 0 native plugins for Editor in 0.00 ms.
Invoked RoslynAnalysisRunner static constructor.
RoslynAnalysisRunner will not be running.
RoslynAnalysisRunner has terminated.
Mono: successfully reloaded assembly
- Completed reload, in  0.587 seconds
Platform modules already initialized, skipping
Refreshing native plugins compatible for Editor in 0.23 ms, found 0 plugins.
Preloading 0 native plugins for Editor in 0.00 ms.
Unloading 1099 Unused Serialized files (Serialized files now loaded: 0)
System memory in use before: 62.2 MB.
System memory in use after: 62.3 MB.

Unloading 7 unused Assets to reduce memory usage. Loaded Objects now: 1590.
Total: 1.395000 ms (FindLiveObjects: 0.192800 ms CreateObjectMapping: 0.067100 ms MarkObjects: 1.095100 ms  DeleteObjects: 0.038700 ms)

========================================================================
Received Prepare
Registering precompiled user dll's ...
Registered in 0.001024 seconds.
Begin MonoManager ReloadAssembly
Native extension for WindowsStandalone target not found
Refreshing native plugins compatible for Editor in 0.23 ms, found 0 plugins.
Preloading 0 native plugins for Editor in 0.00 ms.
Invoked RoslynAnalysisRunner static constructor.
RoslynAnalysisRunner will not be running.
RoslynAnalysisRunner has terminated.
Mono: successfully reloaded assembly
- Completed reload, in  0.617 seconds
Platform modules already initialized, skipping
Refreshing native plugins compatible for Editor in 0.25 ms, found 0 plugins.
Preloading 0 native plugins for Editor in 0.00 ms.
Unloading 1099 Unused Serialized files (Serialized files now loaded: 0)
System memory in use before: 62.5 MB.
System memory in use after: 62.6 MB.

Unloading 7 unused Assets to reduce memory usage. Loaded Objects now: 1592.
Total: 1.479800 ms (FindLiveObjects: 0.135000 ms CreateObjectMapping: 0.033900 ms MarkObjects: 1.271900 ms  DeleteObjects: 0.037900 ms)

========================================================================
Received Prepare
Registering precompiled user dll's ...
Registered in 0.001194 seconds.
Begin MonoManager ReloadAssembly
Native extension for WindowsStandalone target not found
Refreshing native plugins compatible for Editor in 0.25 ms, found 0 plugins.
Preloading 0 native plugins for Editor in 0.00 ms.
Invoked RoslynAnalysisRunner static constructor.
RoslynAnalysisRunner will not be running.
RoslynAnalysisRunner has terminated.
Mono: successfully reloaded assembly
- Completed reload, in  0.640 seconds
Platform modules already initialized, skipping
Refreshing native plugins compatible for Editor in 0.25 ms, found 0 plugins.
Preloading 0 native plugins for Editor in 0.00 ms.
Unloading 1099 Unused Serialized files (Serialized files now loaded: 0)
System memory in use before: 61.7 MB.
System memory in use after: 61.8 MB.

Unloading 7 unused Assets to reduce memory usage. Loaded Objects now: 1594.
Total: 1.402100 ms (FindLiveObjects: 0.138300 ms CreateObjectMapping: 0.039000 ms MarkObjects: 1.178500 ms  DeleteObjects: 0.045000 ms)

========================================================================
Received Prepare
Registering precompiled user dll's ...
Registered in 0.001063 seconds.
Begin MonoManager ReloadAssembly
Native extension for WindowsStandalone target not found
Refreshing native plugins compatible for Editor in 0.23 ms, found 0 plugins.
Preloading 0 native plugins for Editor in 0.00 ms.
Invoked RoslynAnalysisRunner static constructor.
RoslynAnalysisRunner will not be running.
RoslynAnalysisRunner has terminated.
Mono: successfully reloaded assembly
- Completed reload, in  0.610 seconds
Platform modules already initialized, skipping
Refreshing native plugins compatible for Editor in 0.24 ms, found 0 plugins.
Preloading 0 native plugins for Editor in 0.00 ms.
Unloading 1099 Unused Serialized files (Serialized files now loaded: 0)
System memory in use before: 62.0 MB.
System memory in use after: 62.1 MB.

Unloading 7 unused Assets to reduce memory usage. Loaded Objects now: 1596.
Total: 1.325400 ms (FindLiveObjects: 0.115900 ms CreateObjectMapping: 0.028500 ms MarkObjects: 1.145800 ms  DeleteObjects: 0.034000 ms)

========================================================================
Received Prepare
Registering precompiled user dll's ...
Registered in 0.001118 seconds.
Begin MonoManager ReloadAssembly
Native extension for WindowsStandalone target not found
Refreshing native plugins compatible for Editor in 0.26 ms, found 0 plugins.
Preloading 0 native plugins for Editor in 0.00 ms.
Invoked RoslynAnalysisRunner static constructor.
RoslynAnalysisRunner will not be running.
RoslynAnalysisRunner has terminated.
Mono: successfully reloaded assembly
- Completed reload, in  0.617 seconds
Platform modules already initialized, skipping
Refreshing native plugins compatible for Editor in 0.26 ms, found 0 plugins.
Preloading 0 native plugins for Editor in 0.00 ms.
Unloading 1099 Unused Serialized files (Serialized files now loaded: 0)
System memory in use before: 62.2 MB.
System memory in use after: 62.3 MB.

Unloading 7 unused Assets to reduce memory usage. Loaded Objects now: 1598.
Total: 2.094300 ms (FindLiveObjects: 0.251500 ms CreateObjectMapping: 0.069900 ms MarkObjects: 1.710900 ms  DeleteObjects: 0.060100 ms)

========================================================================
Received Prepare
Registering precompiled user dll's ...
Registered in 0.001273 seconds.
Begin MonoManager ReloadAssembly
Native extension for WindowsStandalone target not found
Refreshing native plugins compatible for Editor in 0.25 ms, found 0 plugins.
Preloading 0 native plugins for Editor in 0.00 ms.
Invoked RoslynAnalysisRunner static constructor.
RoslynAnalysisRunner will not be running.
RoslynAnalysisRunner has terminated.
Mono: successfully reloaded assembly
- Completed reload, in  0.710 seconds
Platform modules already initialized, skipping
Refreshing native plugins compatible for Editor in 0.25 ms, found 0 plugins.
Preloading 0 native plugins for Editor in 0.00 ms.
Unloading 1099 Unused Serialized files (Serialized files now loaded: 0)
System memory in use before: 62.5 MB.
System memory in use after: 62.6 MB.

Unloading 7 unused Assets to reduce memory usage. Loaded Objects now: 1600.
Total: 1.424300 ms (FindLiveObjects: 0.141100 ms CreateObjectMapping: 0.043400 ms MarkObjects: 1.191700 ms  DeleteObjects: 0.047100 ms)

========================================================================
Received Prepare
Registering precompiled user dll's ...
Registered in 0.000985 seconds.
Begin MonoManager ReloadAssembly
Native extension for WindowsStandalone target not found
Refreshing native plugins compatible for Editor in 0.24 ms, found 0 plugins.
Preloading 0 native plugins for Editor in 0.00 ms.
Invoked RoslynAnalysisRunner static constructor.
RoslynAnalysisRunner will not be running.
RoslynAnalysisRunner has terminated.
Mono: successfully reloaded assembly
- Completed reload, in  0.589 seconds
Platform modules already initialized, skipping
Refreshing native plugins compatible for Editor in 0.26 ms, found 0 plugins.
Preloading 0 native plugins for Editor in 0.00 ms.
Unloading 1099 Unused Serialized files (Serialized files now loaded: 0)
System memory in use before: 61.8 MB.
System memory in use after: 61.8 MB.

Unloading 7 unused Assets to reduce memory usage. Loaded Objects now: 1602.
Total: 1.253400 ms (FindLiveObjects: 0.124500 ms CreateObjectMapping: 0.034700 ms MarkObjects: 1.057500 ms  DeleteObjects: 0.036000 ms)

========================================================================
Received Prepare
Registering precompiled user dll's ...
Registered in 0.000996 seconds.
Begin MonoManager ReloadAssembly
Native extension for WindowsStandalone target not found
Refreshing native plugins compatible for Editor in 0.26 ms, found 0 plugins.
Preloading 0 native plugins for Editor in 0.00 ms.
Invoked RoslynAnalysisRunner static constructor.
RoslynAnalysisRunner will not be running.
RoslynAnalysisRunner has terminated.
Mono: successfully reloaded assembly
- Completed reload, in  0.626 seconds
Platform modules already initialized, skipping
Refreshing native plugins compatible for Editor in 0.24 ms, found 0 plugins.
Preloading 0 native plugins for Editor in 0.00 ms.
Unloading 1099 Unused Serialized files (Serialized files now loaded: 0)
System memory in use before: 62.0 MB.
System memory in use after: 62.1 MB.

Unloading 7 unused Assets to reduce memory usage. Loaded Objects now: 1604.
Total: 1.795300 ms (FindLiveObjects: 0.325000 ms CreateObjectMapping: 0.062900 ms MarkObjects: 1.367300 ms  DeleteObjects: 0.038400 ms)

========================================================================
Received Import Request.
  Time since last request: 84996.199313 seconds.
  path: Assets/Prefabs/Asteroid.prefab
  artifactKey: Guid(5e98c95d6e3fa3d4cb531bfed6b03861) Importer(815301076,1909f56bfc062723c751e8b465ee728b)
Start importing Assets/Prefabs/Asteroid.prefab using Guid(5e98c95d6e3fa3d4cb531bfed6b03861) Importer(815301076,1909f56bfc062723c751e8b465ee728b)  -> (artifact id: '7ea31f5c87da4269d4d8a1e898364b78') in 0.218754 seconds
  Import took 0.242157 seconds .

========================================================================
Received Import Request.
  Time since last request: 61.082578 seconds.
  path: Assets/Prefabs/Asteroid.prefab
  artifactKey: Guid(5e98c95d6e3fa3d4cb531bfed6b03861) Importer(815301076,1909f56bfc062723c751e8b465ee728b)
Start importing Assets/Prefabs/Asteroid.prefab using Guid(5e98c95d6e3fa3d4cb531bfed6b03861) Importer(815301076,1909f56bfc062723c751e8b465ee728b)  -> (artifact id: '959ce0b5550fe20b2b5dcbeb159705d1') in 0.007005 seconds
  Import took 0.029953 seconds .

========================================================================
Received Import Request.
  Time since last request: 139.533935 seconds.
  path: Assets/Scripts/Asteroid.cs
  artifactKey: Guid(45094a9d6c92e9440a161a27084c9ccc) Importer(815301076,1909f56bfc062723c751e8b465ee728b)
Start importing Assets/Scripts/Asteroid.cs using Guid(45094a9d6c92e9440a161a27084c9ccc) Importer(815301076,1909f56bfc062723c751e8b465ee728b)  -> (artifact id: 'def2f224564043ba805fd8580710a7ee') in 0.001164 seconds
  Import took 0.002986 seconds .

========================================================================
Received Prepare
Registering precompiled user dll's ...
Registered in 0.001049 seconds.
Begin MonoManager ReloadAssembly
Native extension for WindowsStandalone target not found
Refreshing native plugins compatible for Editor in 0.24 ms, found 0 plugins.
Preloading 0 native plugins for Editor in 0.00 ms.
Invoked RoslynAnalysisRunner static constructor.
RoslynAnalysisRunner will not be running.
RoslynAnalysisRunner has terminated.
Mono: successfully reloaded assembly
- Completed reload, in  0.615 seconds
Platform modules already initialized, skipping
Refreshing native plugins compatible for Editor in 0.39 ms, found 0 plugins.
Preloading 0 native plugins for Editor in 0.00 ms.
Unloading 1100 Unused Serialized files (Serialized files now loaded: 0)
System memory in use before: 62.3 MB.
System memory in use after: 62.4 MB.

Unloading 7 unused Assets to reduce memory usage. Loaded Objects now: 1608.
Total: 1.498000 ms (FindLiveObjects: 0.233700 ms CreateObjectMapping: 0.078000 ms MarkObjects: 1.144200 ms  DeleteObjects: 0.040600 ms)

========================================================================
Received Prepare
Registering precompiled user dll's ...
Registered in 0.001044 seconds.
Begin MonoManager ReloadAssembly
Native extension for WindowsStandalone target not found
Refreshing native plugins compatible for Editor in 0.23 ms, found 0 plugins.
Preloading 0 native plugins for Editor in 0.00 ms.
Invoked RoslynAnalysisRunner static constructor.
RoslynAnalysisRunner will not be running.
RoslynAnalysisRunner has terminated.
Mono: successfully reloaded assembly
- Completed reload, in  0.617 seconds
Platform modules already initialized, skipping
Refreshing native plugins compatible for Editor in 0.24 ms, found 0 plugins.
Preloading 0 native plugins for Editor in 0.00 ms.
Unloading 1100 Unused Serialized files (Serialized files now loaded: 0)
System memory in use before: 62.6 MB.
System memory in use after: 62.6 MB.

Unloading 7 unused Assets to reduce memory usage. Loaded Objects now: 1610.
Total: 1.474000 ms (FindLiveObjects: 0.129900 ms CreateObjectMapping: 0.037100 ms MarkObjects: 1.267700 ms  DeleteObjects: 0.038400 ms)

========================================================================
Received Prepare
Registering precompiled user dll's ...
Registered in 0.000999 seconds.
Begin MonoManager ReloadAssembly
Native extension for WindowsStandalone target not found
Refreshing native plugins compatible for Editor in 0.24 ms, found 0 plugins.
Preloading 0 native plugins for Editor in 0.00 ms.
Invoked RoslynAnalysisRunner static constructor.
RoslynAnalysisRunner will not be running.
RoslynAnalysisRunner has terminated.
Mono: successfully reloaded assembly
- Completed reload, in  0.610 seconds
Platform modules already initialized, skipping
Refreshing native plugins compatible for Editor in 0.23 ms, found 0 plugins.
Preloading 0 native plugins for Editor in 0.00 ms.
Unloading 1100 Unused Serialized files (Serialized files now loaded: 0)
System memory in use before: 61.8 MB.
System memory in use after: 61.9 MB.

Unloading 7 unused Assets to reduce memory usage. Loaded Objects now: 1612.
Total: 1.485900 ms (FindLiveObjects: 0.137200 ms CreateObjectMapping: 0.037300 ms MarkObjects: 1.273200 ms  DeleteObjects: 0.037300 ms)

========================================================================
Received Prepare
Registering precompiled user dll's ...
Registered in 0.001072 seconds.
Begin MonoManager ReloadAssembly
Native extension for WindowsStandalone target not found
Refreshing native plugins compatible for Editor in 0.24 ms, found 0 plugins.
Preloading 0 native plugins for Editor in 0.00 ms.
Invoked RoslynAnalysisRunner static constructor.
RoslynAnalysisRunner will not be running.
RoslynAnalysisRunner has terminated.
Mono: successfully reloaded assembly
- Completed reload, in  0.629 seconds
Platform modules already initialized, skipping
Refreshing native plugins compatible for Editor in 0.23 ms, found 0 plugins.
Preloading 0 native plugins for Editor in 0.00 ms.
Unloading 1100 Unused Serialized files (Serialized files now loaded: 0)
System memory in use before: 62.1 MB.
System memory in use after: 62.2 MB.

Unloading 7 unused Assets to reduce memory usage. Loaded Objects now: 1614.
Total: 1.436200 ms (FindLiveObjects: 0.126900 ms CreateObjectMapping: 0.034300 ms MarkObjects: 1.233800 ms  DeleteObjects: 0.040300 ms)

========================================================================
Received Prepare
Registering precompiled user dll's ...
Registered in 0.001032 seconds.
Begin MonoManager ReloadAssembly
Native extension for WindowsStandalone target not found
Refreshing native plugins compatible for Editor in 0.28 ms, found 0 plugins.
Preloading 0 native plugins for Editor in 0.00 ms.
Invoked RoslynAnalysisRunner static constructor.
RoslynAnalysisRunner will not be running.
RoslynAnalysisRunner has terminated.
Mono: successfully reloaded assembly
- Completed reload, in  0.610 seconds
Platform modules already initialized, skipping
Refreshing native plugins compatible for Editor in 0.25 ms, found 0 plugins.
Preloading 0 native plugins for Editor in 0.00 ms.
Unloading 1100 Unused Serialized files (Serialized files now loaded: 0)
System memory in use before: 62.3 MB.
System memory in use after: 62.4 MB.

Unloading 7 unused Assets to reduce memory usage. Loaded Objects now: 1616.
Total: 1.313300 ms (FindLiveObjects: 0.159800 ms CreateObjectMapping: 0.046000 ms MarkObjects: 1.070200 ms  DeleteObjects: 0.036500 ms)

========================================================================
Received Prepare
Registering precompiled user dll's ...
Registered in 0.001035 seconds.
Begin MonoManager ReloadAssembly
Native extension for WindowsStandalone target not found
Refreshing native plugins compatible for Editor in 0.22 ms, found 0 plugins.
Preloading 0 native plugins for Editor in 0.00 ms.
Invoked RoslynAnalysisRunner static constructor.
RoslynAnalysisRunner will not be running.
RoslynAnalysisRunner has terminated.
Mono: successfully reloaded assembly
- Completed reload, in  0.598 seconds
Platform modules already initialized, skipping
Refreshing native plugins compatible for Editor in 0.35 ms, found 0 plugins.
Preloading 0 native plugins for Editor in 0.00 ms.
Unloading 1100 Unused Serialized files (Serialized files now loaded: 0)
System memory in use before: 62.6 MB.
System memory in use after: 62.7 MB.

Unloading 7 unused Assets to reduce memory usage. Loaded Objects now: 1618.
Total: 1.738800 ms (FindLiveObjects: 0.205100 ms CreateObjectMapping: 0.080900 ms MarkObjects: 1.408500 ms  DeleteObjects: 0.043200 ms)

========================================================================
Received Prepare
Registering precompiled user dll's ...
Registered in 0.001134 seconds.
Begin MonoManager ReloadAssembly
Native extension for WindowsStandalone target not found
Refreshing native plugins compatible for Editor in 0.22 ms, found 0 plugins.
Preloading 0 native plugins for Editor in 0.00 ms.
Invoked RoslynAnalysisRunner static constructor.
RoslynAnalysisRunner will not be running.
RoslynAnalysisRunner has terminated.
Mono: successfully reloaded assembly
- Completed reload, in  0.590 seconds
Platform modules already initialized, skipping
Refreshing native plugins compatible for Editor in 0.22 ms, found 0 plugins.
Preloading 0 native plugins for Editor in 0.00 ms.
Unloading 1100 Unused Serialized files (Serialized files now loaded: 0)
System memory in use before: 61.8 MB.
System memory in use after: 61.9 MB.

Unloading 7 unused Assets to reduce memory usage. Loaded Objects now: 1620.
Total: 1.381900 ms (FindLiveObjects: 0.144500 ms CreateObjectMapping: 0.033100 ms MarkObjects: 1.166100 ms  DeleteObjects: 0.037300 ms)

========================================================================
Received Prepare
Registering precompiled user dll's ...
Registered in 0.001069 seconds.
Begin MonoManager ReloadAssembly
Native extension for WindowsStandalone target not found
Refreshing native plugins compatible for Editor in 0.34 ms, found 0 plugins.
Preloading 0 native plugins for Editor in 0.00 ms.
Invoked RoslynAnalysisRunner static constructor.
RoslynAnalysisRunner will not be running.
RoslynAnalysisRunner has terminated.
Mono: successfully reloaded assembly
- Completed reload, in  0.602 seconds
Platform modules already initialized, skipping
Refreshing native plugins compatible for Editor in 0.24 ms, found 0 plugins.
Preloading 0 native plugins for Editor in 0.00 ms.
Unloading 1100 Unused Serialized files (Serialized files now loaded: 0)
System memory in use before: 62.1 MB.
System memory in use after: 62.2 MB.

Unloading 7 unused Assets to reduce memory usage. Loaded Objects now: 1622.
Total: 1.608400 ms (FindLiveObjects: 0.205900 ms CreateObjectMapping: 0.080300 ms MarkObjects: 1.284400 ms  DeleteObjects: 0.036800 ms)

========================================================================
Received Prepare
Registering precompiled user dll's ...
Registered in 0.001167 seconds.
Begin MonoManager ReloadAssembly
Native extension for WindowsStandalone target not found
Refreshing native plugins compatible for Editor in 0.23 ms, found 0 plugins.
Preloading 0 native plugins for Editor in 0.00 ms.
Invoked RoslynAnalysisRunner static constructor.
RoslynAnalysisRunner will not be running.
RoslynAnalysisRunner has terminated.
Mono: successfully reloaded assembly
- Completed reload, in  0.594 seconds
Platform modules already initialized, skipping
Refreshing native plugins compatible for Editor in 0.22 ms, found 0 plugins.
Preloading 0 native plugins for Editor in 0.00 ms.
Unloading 1100 Unused Serialized files (Serialized files now loaded: 0)
System memory in use before: 62.4 MB.
System memory in use after: 62.4 MB.

Unloading 7 unused Assets to reduce memory usage. Loaded Objects now: 1624.
Total: 1.329700 ms (FindLiveObjects: 0.119000 ms CreateObjectMapping: 0.030000 ms MarkObjects: 1.141500 ms  DeleteObjects: 0.038400 ms)

========================================================================
Received Import Request.
  Time since last request: 1824.657596 seconds.
  path: Assets/Prefabs/Explosion.prefab
  artifactKey: Guid(f73a74c53eae643439422fafc2bdd04c) Importer(815301076,1909f56bfc062723c751e8b465ee728b)
Start importing Assets/Prefabs/Explosion.prefab using Guid(f73a74c53eae643439422fafc2bdd04c) Importer(815301076,1909f56bfc062723c751e8b465ee728b)  -> (artifact id: 'f789d19ca5c5705a79e0f8f16c6b367c') in 0.044942 seconds
  Import took 0.071859 seconds .

========================================================================
Received Import Request.
  Time since last request: 9.097581 seconds.
  path: Assets/GameDevHQ/FileBase/Projects/Tutorials/Starter_Files/2D_Galaxy_Assets/Sprites/Explosion/Explosion_00000.png
  artifactKey: Guid(1d67ba02a3ae743ed81501156742929f) Importer(815301076,1909f56bfc062723c751e8b465ee728b)
Start importing Assets/GameDevHQ/FileBase/Projects/Tutorials/Starter_Files/2D_Galaxy_Assets/Sprites/Explosion/Explosion_00000.png using Guid(1d67ba02a3ae743ed81501156742929f) Importer(815301076,1909f56bfc062723c751e8b465ee728b)  -> (artifact id: '9f7ea0b9c7b94196cbfc23314bd84c36') in 0.019481 seconds
  Import took 0.021679 seconds .

========================================================================
Received Import Request.
  Time since last request: 0.017937 seconds.
  path: Assets/GameDevHQ/FileBase/Projects/Tutorials/Starter_Files/2D_Galaxy_Assets/Sprites/Explosion/Explosion_00000.png
  artifactKey: Guid(1d67ba02a3ae743ed81501156742929f) Importer(815301076,1909f56bfc062723c751e8b465ee728b)
Start importing Assets/GameDevHQ/FileBase/Projects/Tutorials/Starter_Files/2D_Galaxy_Assets/Sprites/Explosion/Explosion_00000.png using Guid(1d67ba02a3ae743ed81501156742929f) Importer(815301076,1909f56bfc062723c751e8b465ee728b)  -> (artifact id: '9f7ea0b9c7b94196cbfc23314bd84c36') in 0.007596 seconds
  Import took 0.009489 seconds .

========================================================================
Received Import Request.
  Time since last request: 35.268978 seconds.
  path: Assets/GameDevHQ/FileBase/Projects/Tutorials/Starter_Files/2D_Galaxy_Assets/Sprites/Explosion/Explosion_00157.png
  artifactKey: Guid(165bb423423fc4a569194618186b33f5) Importer(815301076,1909f56bfc062723c751e8b465ee728b)
Start importing Assets/GameDevHQ/FileBase/Projects/Tutorials/Starter_Files/2D_Galaxy_Assets/Sprites/Explosion/Explosion_00157.png using Guid(165bb423423fc4a569194618186b33f5) Importer(815301076,1909f56bfc062723c751e8b465ee728b)  -> (artifact id: '97f63a1a86ccb88d195e60cf3dea71f8') in 0.017595 seconds
  Import took 0.031423 seconds .

========================================================================
Received Prepare
Registering precompiled user dll's ...
Registered in 0.001064 seconds.
Begin MonoManager ReloadAssembly
Native extension for WindowsStandalone target not found
Refreshing native plugins compatible for Editor in 0.22 ms, found 0 plugins.
Preloading 0 native plugins for Editor in 0.00 ms.
Invoked RoslynAnalysisRunner static constructor.
RoslynAnalysisRunner will not be running.
RoslynAnalysisRunner has terminated.
Mono: successfully reloaded assembly
- Completed reload, in  0.588 seconds
Platform modules already initialized, skipping
Refreshing native plugins compatible for Editor in 0.22 ms, found 0 plugins.
Preloading 0 native plugins for Editor in 0.00 ms.
Unloading 1100 Unused Serialized files (Serialized files now loaded: 0)
System memory in use before: 62.6 MB.
System memory in use after: 62.7 MB.

Unloading 7 unused Assets to reduce memory usage. Loaded Objects now: 1627.
Total: 1.428800 ms (FindLiveObjects: 0.147800 ms CreateObjectMapping: 0.038300 ms MarkObjects: 1.205000 ms  DeleteObjects: 0.037000 ms)

